%HELP% cuda/9.0

--------------------- Module Specific Help for "cuda/9.0" ----------------------
This module loads the NVIDIA CUDA Compiler and Development Tools:
  nvcc          -- CUDA C/C++ Compiler
  nsight        -- CUDA IDE
  nvprof        -- CUDA Profiling Tool
  cuda-gdb      -- CUDA Debugger 
  cuda-memcheck -- CUDA Memory Checking Tool


%HELP% cuda/9.2

--------------------- Module Specific Help for "cuda/9.2" ----------------------
This module loads the NVIDIA CUDA Compiler and Development Tools:
  nvcc          -- CUDA C/C++ Compiler
  nsight        -- CUDA IDE
  nvprof        -- CUDA Profiling Tool
  cuda-gdb      -- CUDA Debugger 
  cuda-memcheck -- CUDA Memory Checking Tool


%HELP% cuda/10.0

--------------------- Module Specific Help for "cuda/10.0" ---------------------
This module loads the NVIDIA CUDA Compiler and Development Tools:
 nvcc -- CUDA C/C++ Compiler
 nsight -- CUDA IDE
 nvprof -- CUDA Profiling Tool
 cuda-gdb -- CUDA Debugger
 cuda-memcheck -- CUDA Memory Checking Tool

 Additionally, this module loads cuDNN 7.3.1, NCCL 2.4.2, and TensorRT
 5.0.2.6 into your environment.

Software website - https://developer.nvidia.com/cuda-toolkit

Built on Mon Apr 29 09:28:36 MDT 2019


%HELP% cuda/10.1

--------------------- Module Specific Help for "cuda/10.1" ---------------------
This module loads the NVIDIA CUDA Compiler and Development Tools:
 nvcc -- CUDA C/C++ Compiler
 nsight -- CUDA IDE
 nvprof -- CUDA Profiling Tool
 cuda-gdb -- CUDA Debugger
 cuda-memcheck -- CUDA Memory Checking Tool

 Additionally, this module loads cuDNN 7.5.0, NCCL 2.4.2, and TensorRT
 5.1.2.2 into your environment.

Software website - https://developer.nvidia.com/cuda-toolkit

Built on Mon Apr 22 13:37:56 MDT 2019


%HELP% gnu/6.4.0

--------------------- Module Specific Help for "gnu/6.4.0" ---------------------
This module loads the GNU 6.4.0 compilers:
  Fortran:  gfortran
  C:        gcc
  C++:      g++
For more information on the individual compilers and their 
suboptions, refer to the man pages for the individual compilers.
Also see http://gcc.gnu.org for details. 


%HELP% gnu/7.3.0

--------------------- Module Specific Help for "gnu/7.3.0" ---------------------
This module loads the GNU 7.3.0 compilers:
  Fortran:  gfortran
  C:        gcc
  C++:      g++
For more information on the individual compilers and their 
suboptions, refer to the man pages for the individual compilers.
Also see http://gcc.gnu.org for details. 


%HELP% gnu/7.4.0

--------------------- Module Specific Help for "gnu/7.4.0" ---------------------
This module loads the GNU 7.4.0 compilers:
 Fortran: gfortran
 C: gcc
 C++: g++
For more information on the individual compilers and their suboptions,
refer to the man pages for the individual compilers. Also see
http://gcc.gnu.org for details.

Software website - https://gcc.gnu.org/

Built on Thu Apr 11 21:21:50 MDT 2019


%HELP% intel/17.0.1

------------------- Module Specific Help for "intel/17.0.1" --------------------
This module loads the Intel Compilers:
  C:        icc
  C++:      icpc
  Fortran:  ifort
For more information on the individual compilers and their suboptions
refer to the man page for the individual compilers. 


%HELP% intel/18.0.1

------------------- Module Specific Help for "intel/18.0.1" --------------------
This module loads the Intel Compilers:
  C:        icc
  C++:      icpc
  Fortran:  ifort
For more information on the individual compilers and their suboptions
refer to the man page for the individual compilers. 


%HELP% intel/18.0.5

------------------- Module Specific Help for "intel/18.0.5" --------------------
This module loads the Intel Compilers:
  C:        icc
  C++:      icpc
  Fortran:  ifort
For more information on the individual compilers and their suboptions
refer to the man page for the individual compilers.

Website: https://software.intel.com/en-us/parallel-studio-xe


%HELP% intel/19.0.2

------------------- Module Specific Help for "intel/19.0.2" --------------------
This module loads the Intel Compilers:
  C:        icc
  C++:      icpc
  Fortran:  ifort
For more information on the individual compilers and their suboptions
refer to the man page for the individual compilers.

Website: https://software.intel.com/en-us/parallel-studio-xe


%HELP% pgi/17.10

--------------------- Module Specific Help for "pgi/17.10" ---------------------
This module loads the pgi 17.10 compilers:
  Fortran:  pgfortran
  C:        pgcc
  C++:      pgc++
For more information on the individual compilers and their 
suboptions, refer to the man pages for the individual compilers.


%HELP% pgi/18.4

--------------------- Module Specific Help for "pgi/18.4" ----------------------
This module loads the PGI 18.4 compilers:
  Fortran:  pgfortran
  C:        pgcc
  C++:      pgc++
For more information on the individual compilers and their 
suboptions, refer to the man pages for the individual compilers.


%HELP% pgi/18.10

--------------------- Module Specific Help for "pgi/18.10" ---------------------
PGI Fortran, C and C++ compilers and tools for scientists and
engineers. Includes support for the latest CPUs and GPUs, OpenACC
Deep Copy, OpenACC Auto-compare, PGI in the Cloud, CUDA 10.0, LLVM 6.0
and more.

Software website - https://www.pgroup.com/

Built on Fri Dec 14 09:31:03 MST 2018
Modules used:
   ncarenv/1.2


%HELP% pgi/19.3

--------------------- Module Specific Help for "pgi/19.3" ----------------------
PGI Fortran, C and C++ compilers and tools for scientists and
engineers. New features include V100 Tensor Core support, full C++17
language support, OpenACC printf(), PCAST directives, LLVM 7.0, Turing
support, and more.

Software website - https://www.pgroup.com/

Built on Mon Apr 22 13:19:01 MDT 2019
Modules used:
   ncarenv/1.2


%HELP% R/3.5.0

---------------------- Module Specific Help for "R/3.5.0" ----------------------
R is 'GNU S', a freely available language and environment for statistical
computing and graphics which provides a wide variety of statistical and
graphical techniques: linear and nonlinear modelling, statistical tests,
time series analysis, classification, clustering, etc.

Software website - https://cran.r-project.org/

Built on Thu Apr 26 12:15:16 MDT 2018
Modules used:
   ncarenv/1.2  
   intel/17.0.1  
   ncarcompilers/0.4.1


%HELP% R/3.5.2

---------------------- Module Specific Help for "R/3.5.2" ----------------------
R is 'GNU S', a freely available language and environment for statistical
computing and graphics which provides a wide variety of statistical and
graphical techniques: linear and nonlinear modelling, statistical tests,
time series analysis, classification, clustering, etc.

Software website - https://cran.r-project.org/

Built on Thu Jan 31 09:52:11 MST 2019
Modules used:
   ncarenv/1.2  
   gnu/7.3.0


%HELP% arm-forge/18.1.2

----------------- Module Specific Help for "arm-forge/18.1.2" ------------------
Arm (formerly Allinea) Forge is the cross-platform tool suite for software
development - with everything needed to debug, profile and optimize C,
C++ and Fortran/F90 applications on Linux for high performance

Software website - https://www.arm.com/products/development-tools/hpc-tools/cross-platform/forge

Built on Tue May 22 11:22:13 MDT 2018
Modules used:
   ncarenv/1.2  
   intel/18.0.1  
   ncarcompilers/0.4.1  
   impi/2018.1.163


%HELP% arm-forge/18.2.3

----------------- Module Specific Help for "arm-forge/18.2.3" ------------------
Arm Forge is the cross-platform tool suite for software development - with
everything needed to debug, profile and optimize C, C++ and Fortran/F90
applications on Linux for high performance

Software website - https://www.arm.com/products/development-tools/hpc-tools/cross-platform/forge

Built on Fri Oct 12 15:21:55 MDT 2018
Modules used:
   ncarenv/1.2  
   intel/18.0.1  
   ncarcompilers/0.4.1  
   impi/2018.1.163


%HELP% arm-forge/19.0.4

----------------- Module Specific Help for "arm-forge/19.0.4" ------------------
Arm Forge is the cross-platform tool suite for software development - with
everything needed to debug, profile and optimize C, C++ and Fortran/F90
applications on Linux for high performance

Software website - https://www.arm.com/products/development-tools/hpc-tools/cross-platform/forge

Built on Mon Apr 22 15:58:23 MDT 2019
Modules used:
   ncarenv/1.2  
   intel/18.0.1  
   ncarcompilers/0.4.1  
   impi/2018.1.163


%HELP% arm-reports/18.1.2

---------------- Module Specific Help for "arm-reports/18.1.2" -----------------
Arm (formerly Allinea) Performance Reports are a non-intrusive performance
tool for High Performance Computing (HPC) and scientific software.

Software website - https://www.arm.com/products/development-tools/hpc-tools/cross-platform/performance-reports

Built on Tue May 22 11:23:13 MDT 2018
Modules used:
   ncarenv/1.2  
   intel/18.0.1  
   ncarcompilers/0.4.1  
   impi/2018.1.163


%HELP% arm-reports/18.2.3

---------------- Module Specific Help for "arm-reports/18.2.3" -----------------
Arm Performance Reports are a non-intrusive performance tool for High
Performance Computing (HPC) and scientific software.

Software website - https://www.arm.com/products/development-tools/hpc-tools/cross-platform/performance-reports

Built on Fri Oct 12 15:22:51 MDT 2018
Modules used:
   ncarenv/1.2  
   intel/18.0.1  
   ncarcompilers/0.4.1  
   impi/2018.1.163


%HELP% arm-reports/19.0.4

---------------- Module Specific Help for "arm-reports/19.0.4" -----------------
Arm Performance Reports are a non-intrusive performance tool for High
Performance Computing (HPC) and scientific software.

Software website - https://www.arm.com/products/development-tools/hpc-tools/cross-platform/performance-reports

Built on Mon Apr 22 15:59:38 MDT 2019
Modules used:
   ncarenv/1.2  
   intel/18.0.1  
   ncarcompilers/0.4.1  
   impi/2018.1.163


%HELP% bazel/0.15.2

------------------- Module Specific Help for "bazel/0.15.2" --------------------
Build and test software of any size, quickly and reliably

Software website - https://bazel.build/


%HELP% bazel/0.21.0

------------------- Module Specific Help for "bazel/0.21.0" --------------------
Build and test software of any size, quickly and reliably

Software website - https://www.bazel.build/

Built on Mon Apr 29 10:16:58 MDT 2019
Modules used:
   gnu/7.4.0


%HELP% cdo/1.7.2

--------------------- Module Specific Help for "cdo/1.7.2" ---------------------
The Climate Data Operators (CDO) software is a collection of many
operators for standard processing of climate and forecast model data.

Software website - https://code.mpimet.mpg.de/projects/cdo


%HELP% cdo/1.9.3

--------------------- Module Specific Help for "cdo/1.9.3" ---------------------
The Climate Data Operators (CDO) software is a collection of many
operators for standard processing of climate and forecast model data.

Software website - https://code.mpimet.mpg.de/projects/cdo

Built on Thu Jun 28 13:05:17 MDT 2018
Modules used:
   ncarenv/1.2  
   gnu/7.3.0


%HELP% cdo/1.9.4

--------------------- Module Specific Help for "cdo/1.9.4" ---------------------
The Climate Data Operators (CDO) software is a collection of many
operators for standard processing of climate and forecast model data.

Software website - https://code.mpimet.mpg.de/projects/cdo

Built on Wed May 23 09:47:20 MDT 2018
Modules used:
   ncarenv/1.2  
   gnu/7.3.0  
   ncarcompilers/0.4.1


%HELP% cmake/3.9.4

-------------------- Module Specific Help for "cmake/3.9.4" --------------------

This module loads the cmake package for compiling applications

If you have any questions or concerns about the module utility,
contact the CISL Consulting Services Group by email (cislhelp@ucar.edu)
or by phone (303-497-2400).


%HELP% diffuse/0.4.8

------------------- Module Specific Help for "diffuse/0.4.8" -------------------
Diffuse is a small and simple text merge tool written in Python.

Software website - http://diffuse.sourceforge.net/

Built on Thu May 16 10:12:53 MDT 2019
Modules used:
   ncarenv/1.2  
   python/2.7.15


%HELP% emacs/26.1

-------------------- Module Specific Help for "emacs/26.1" ---------------------
An extensible, customizable, free/libre text editor — and more.

Software website - https://www.gnu.org/software/emacs/

Built on Fri Nov 30 15:43:44 MST 2018
Modules used:
   ncarenv/1.2  
   gnu/7.3.0  
   ncarcompilers/0.4.1


%HELP% ffmpeg/4.0.2

------------------- Module Specific Help for "ffmpeg/4.0.2" --------------------
A complete, cross-platform solution to record, convert and stream
audio and video. Static build includes ffmpeg, ffmpeg-10bit, ffprobe,
qt-faststart.

Software website - https://www.ffmpeg.org/

Built on Wed Oct 17 11:45:16 MDT 2018
Modules used:
   ncarenv/1.2


%HELP% git/2.9.5

--------------------- Module Specific Help for "git/2.9.5" ---------------------
Git is a free and open source distributed version control system designed
to handle everything from small to very large projects with speed and
efficiency.

Software website - https://git-scm.com/

Built on Tue Jul  2 13:05:10 MDT 2019
Modules used:
   ncarenv/1.2  
   gnu/7.3.0


%HELP% gnuplot/5.2.2

------------------- Module Specific Help for "gnuplot/5.2.2" -------------------
gnuplot plotting version 5.2.2

If you have any questions or concerns about the module utility,
contact the CISL Consulting Services Group by email (cislhelp@ucar.edu)
or by phone (303-497-2400).


%HELP% google-chrome/1.0.0

---------------- Module Specific Help for "google-chrome/1.0.0" ----------------
"google chrome web browser "

%HELP% grads/2.2.1

-------------------- Module Specific Help for "grads/2.2.1" --------------------
The Grid Analysis and Display System (GrADS) is an interactive desktop
tool that is used for easy access, manipulation, and visualization of
earth science data.

Software website - http://cola.gmu.edu/grads/grads.php

Built on Sat May 19 13:49:49 MDT 2018
Modules used:
   ncarenv/1.2  
   gnu/7.3.0  
   ncarcompilers/0.4.1


%HELP% graphviz/2.40.1

------------------ Module Specific Help for "graphviz/2.40.1" ------------------
Graph visualization is a way of representing structural information as
diagrams of abstract graphs and networks. It has important applications in
networking, bioinformatics, software engineering, database and web design,
machine learning, and in visual interfaces for other technical domains.

Software website - http://www.graphviz.org/

Built on Fri Apr 27 11:21:51 MDT 2018
Modules used:
   ncarenv/1.2  
   gnu/7.3.0


%HELP% grib-bins/1.2

------------------- Module Specific Help for "grib-bins/1.2" -------------------
Programs for querying and modifying GRIB/GRIB2 files.

The following programs are included:
 1. wgrib 1.8.1.2c
 2. wgrib2 2.0.7
 3. cnvgrib 3.1.0

Software website - http://www.nco.ncep.noaa.gov/pmb/codes/GRIB2/

Built on Wed May 16 17:14:11 MDT 2018
Modules used:
   ncarenv/1.2  
   intel/17.0.1  
   ncarcompilers/0.4.1  
   grib-libs/1.2


%HELP% gv/3.7.4

--------------------- Module Specific Help for "gv/3.7.4" ----------------------
"ghostview pdf/ps viewer "

%HELP% idl/8.6

---------------------- Module Specific Help for "idl/8.6" ----------------------
IDL is the trusted scientific programming language used across disciplines
to extract meaningful visualizations from complex numerical data.

Software website - http://www.harrisgeospatial.com/ProductsandTechnology/Software/IDL.aspx


%HELP% java/1.8.0

-------------------- Module Specific Help for "java/1.8.0" ---------------------
Java Platform, Standard Edition (Java SE) lets you develop and deploy
Java applications on desktops and servers, as well as in today's demanding
embedded environments.

Software website - http://www.oracle.com/technetwork/java/javase/


%HELP% joe/4.1

---------------------- Module Specific Help for "joe/4.1" ----------------------
joe 4.1 built with the gnu compiler 


%HELP% joe/4.6

---------------------- Module Specific Help for "joe/4.6" ----------------------
joe 4.6 built with the system gnu compiler 


%HELP% julia/0.6.2

-------------------- Module Specific Help for "julia/0.6.2" --------------------
Julia is a high-level, high-performance dynamic programming language
for numerical computing.

Software website - https://julialang.org/

Built on Mon May 21 14:27:56 MDT 2018
Modules used:
   ncarenv/1.2  
   gnu/7.3.0  
   ncarcompilers/0.4.1


%HELP% mathematica/10.4.1

---------------- Module Specific Help for "mathematica/10.4.1" -----------------
This module makes Mathematica available to you.

Advanced visualization applications such as Mathematica should be
launched by TurboVNC on the Geyser and Caldera clusters.

See  http://www.wolfram.com/mathematica/ for details.


%HELP% matlab/R2015b

------------------- Module Specific Help for "matlab/R2015b" -------------------
This module makes MATLAB Version R2015b available to you and
sets your MATLABPATH environment variable accordingly. You 
may execute any of the scripts in the $MATLABPATH directory with
no special action required.

Advanced visualization applications such as MATLAB should be
launched by TurboVNC on the Geyser and Caldera clusters.

You can add the appropriate mexnc and snctools toolboxes by
running "ncstartup" from the MATLAB command line.

To add the m_map toolbox, run "m_map_startup."

To add the deprecated, unsupported netcdf_toolbox, run 
"old_netcdf_startup" from the MATLAB command line. Use it
at your own risk and start migrating to the new,
supported, native netcdf interface.

See http://www.mathworks.com/products/matlab/ for details.


%HELP% matlab/R2016b

------------------- Module Specific Help for "matlab/R2016b" -------------------
This module makes MATLAB Version R2016b available to you and
sets your MATLABPATH environment variable accordingly. You 
may execute any of the scripts in the $MATLABPATH directory with
no special action required.

Advanced visualization applications such as MATLAB should be
launched by TurboVNC on the Geyser and Caldera clusters.

You can add the appropriate mexnc and snctools toolboxes by
running "ncstartup" from the MATLAB command line.

To add the m_map toolbox, run "m_map_startup."

To add the deprecated, unsupported netcdf_toolbox, run 
"old_netcdf_startup" from the MATLAB command line. Use it
at your own risk and start migrating to the new,
supported, native netcdf interface.

See http://www.mathworks.com/products/matlab/ for details.


%HELP% matlab/R2018a

------------------- Module Specific Help for "matlab/R2018a" -------------------
This module makes MATLAB Version R2018a available to you and
sets your MATLABPATH environment variable accordingly. You 
may execute any of the scripts in the $MATLABPATH directory with
no special action required.

Advanced visualization applications such as MATLAB should be
launched by TurboVNC on the Geyser and Caldera clusters.

You can add the appropriate mexnc and snctools toolboxes by
running "ncstartup" from the MATLAB command line.

To add the m_map toolbox, run "m_map_startup."

To add the deprecated, unsupported netcdf_toolbox, run 
"old_netcdf_startup" from the MATLAB command line. Use it
at your own risk and start migrating to the new,
supported, native netcdf interface.

See http://www.mathworks.com/products/matlab/ for details.


%HELP% matlab/R2019a

------------------- Module Specific Help for "matlab/R2019a" -------------------
This module makes MATLAB Version R2019a available to you and
sets your MATLABPATH environment variable accordingly. You 
may execute any of the scripts in the $MATLABPATH directory with
no special action required.

Advanced visualization applications such as MATLAB should be
launched by TurboVNC using the vncserver_submit command.

You can add the appropriate mexnc and snctools toolboxes by
running "ncstartup" from the MATLAB command line.

To add the m_map toolbox, run "m_map_startup."

To add the deprecated, unsupported netcdf_toolbox, run 
"old_netcdf_startup" from the MATLAB command line. Use it
at your own risk and start migrating to the new,
supported, native netcdf interface.

See http://www.mathworks.com/products/matlab/ for details.


%HELP% nasm/2.13.03

------------------- Module Specific Help for "nasm/2.13.03" --------------------
"nasm  assemnbler "

%HELP% ncarenv/1.2

-------------------- Module Specific Help for "ncarenv/1.2" --------------------
This module sets up the default NCAR environment, 
mostly for better performance.



%HELP% ncftp/3.2.6

-------------------- Module Specific Help for "ncftp/3.2.6" --------------------
 This module the ncftp client v 3.2.6
 Created 2018-7-12


%HELP% nco/4.7.4

--------------------- Module Specific Help for "nco/4.7.4" ---------------------
The NCO toolkit manipulates and analyzes data stored in netCDF-accessible
formats, including DAP, HDF4, and HDF5.

Software website - http://nco.sourceforge.net/

Built on Tue May 22 09:40:03 MDT 2018
Modules used:
   ncarenv/1.2  
   gnu/7.3.0  
   ncarcompilers/0.4.1


%HELP% ncview/2.1.7

------------------- Module Specific Help for "ncview/2.1.7" --------------------
Ncview is a visual browser for netCDF format files.

Software website - http://meteora.ucsd.edu/~pierce/ncview_home_page.html

Built on Thu May 17 09:41:22 MDT 2018
Modules used:
   ncarenv/1.2  
   gnu/7.3.0  
   ncarcompilers/0.4.1


%HELP% octave/4.4.1

------------------- Module Specific Help for "octave/4.4.1" --------------------
Powerful mathematics-oriented syntax with built-in plotting and
visualization tools

Software website - https://www.gnu.org/software/octave/

Built on Thu Oct 25 11:01:49 MDT 2018
Modules used:
   ncarenv/1.2  
   gnu/7.3.0  
   ncarcompilers/0.4.1  
   openblas/0.2.20  
   fftw/3.3.7


%HELP% pandoc/2.2.3.2

------------------ Module Specific Help for "pandoc/2.2.3.2" -------------------
If you need to convert files from one markup format into another, pandoc
is your swiss-army knife.

Software website - http://pandoc.org/

Built on Sun Aug 12 16:56:06 MDT 2018
Modules used:
   ncarenv/1.2


%HELP% panoply/4.9.4

------------------- Module Specific Help for "panoply/4.9.4" -------------------

Panoply is a Java application that allows the user to make 
plots of data from netCDF, HDF, and GRIB datasets. Although 
its strength is in making longitude-latitude (map) plots, 
it can also make other types of georeferenced plots, 
including keograms and Hovmoeller diagrams; general 2D color 
plots; and line plots. Data arrays may be "sliced" from larger
multidimensional arrays (aka, variables). A large selection 
of global map projections is available for lon-lat figures. 
Plot images may be saved to disk in bitmap graphic formats
or in PDF.

To start panoply:

   from X window or vnc load this module and execute 

panoply.sh

More details about Panoply are available at:
  
    https://www.giss.nasa.gov/tools/panoply/



%HELP% parallel/20180422

----------------- Module Specific Help for "parallel/20180422" -----------------
GNU parallel is a shell tool for executing jobs in parallel using one
or more computers.

Software website - https://www.gnu.org/software/parallel/

Built on Thu May 17 10:52:31 MDT 2018
Modules used:
   ncarenv/1.2  
   gnu/7.3.0  
   ncarcompilers/0.4.1


%HELP% paraview/4.1.0

------------------ Module Specific Help for "paraview/4.1.0" -------------------
  Paraview 4.1.0
  ParaView is an open-source, multi-platform data analysis and visualization application. ParaView users can quickly build visualizations to analyze their data using qualitative and quantitative techniques. The data exploration can be done interactively in 3D or programmatically using ParaView’s batch processing capabilities.


%HELP% paraview/5.5.2

------------------ Module Specific Help for "paraview/5.5.2" -------------------
  Paraview 5.5.2
  ParaView is an open-source, multi-platform data analysis and visualization application. ParaView users can quickly build visualizations to analyze their data using qualitative and quantitative techniques. The data exploration can be done interactively in 3D or programmatically using ParaView’s batch processing capabilities.


%HELP% peak_memusage/2.0.1

---------------- Module Specific Help for "peak_memusage/2.0.1" ----------------
This module loads the peak_memusage tool version v2.0.1
Use it like this:
  - sequential: job_memusage.exe program_name
  - parallel batch jobs: <mpi_launcher> job_memusage.exe program_name
See "Checking memory use" in the Yellowstone documentation:
https://www2.cisl.ucar.edu/resources/yellowstone/using_resources/runningjobs/check_memory


%HELP% pyferret/7.4

------------------- Module Specific Help for "pyferret/7.4" --------------------
PyFerret is a Python module wrapping Ferret.

Software website - https://ferret.pmel.noaa.gov/Ferret/documentation/pyferret

Built on Mon Jul  9 16:21:40 MDT 2018
Modules used:
   ncarenv/1.2  
   gnu/7.3.0  
   ncarcompilers/0.4.1  
   python/2.7.14  
   netcdf/4.6.1


%HELP% pyferret/7.4.4

------------------ Module Specific Help for "pyferret/7.4.4" -------------------
PyFerret is a Python module wrapping Ferret.

Software website - https://ferret.pmel.noaa.gov/Ferret/documentation/pyferret

Built on Mon Mar 25 14:53:34 MDT 2019
Modules used:
   ncarenv/1.2  
   gnu/7.3.0  
   ncarcompilers/0.4.1  
   python/2.7.15  
   netcdf/4.6.1


%HELP% python/2.7.14

------------------- Module Specific Help for "python/2.7.14" -------------------
Python is a programming language that lets you work more quickly and
integrate your systems more effectively.

Software website - https://www.python.org

Built on Thu May 10 13:58:40 MDT 2018
Modules used:
   ncarenv/1.2  
   intel/17.0.1  
   ncarcompilers/0.4.1


%HELP% python/2.7.15

------------------- Module Specific Help for "python/2.7.15" -------------------
Python is a programming language that lets you work more quickly and
integrate your systems more effectively.

Software website - https://www.python.org

Built on Fri Jan 18 16:05:36 MST 2019
Modules used:
   ncarenv/1.2  
   gnu/7.3.0  
   ncarcompilers/0.4.1


%HELP% python/3.6.4

------------------- Module Specific Help for "python/3.6.4" --------------------
Python is a programming language that lets you work more quickly and
integrate your systems more effectively.

Software website - https://www.python.org

Built on Sat May 12 19:35:03 MDT 2018
Modules used:
   ncarenv/1.2  
   intel/17.0.1  
   ncarcompilers/0.4.1


%HELP% python/3.6.8

------------------- Module Specific Help for "python/3.6.8" --------------------
Python is a programming language that lets you work more quickly and
integrate your systems more effectively.

Software website - https://www.python.org

Built on Mon Jan  7 10:07:57 MST 2019
Modules used:
   ncarenv/1.2  
   gnu/7.3.0  
   ncarcompilers/0.4.1


%HELP% rstudio/1.1.453

------------------ Module Specific Help for "rstudio/1.1.453" ------------------
RStudio is an integrated development environment (IDE) for R. This module
loads the desktop version.

Software website - https://www.rstudio.com/products/rstudio/

Built on Tue May 29 10:08:54 MDT 2018
Modules used:
   ncarenv/1.2  
   gnu/7.3.0  
   ncarcompilers/0.4.1  
   R/3.5.0


%HELP% slurm/17

--------------------- Module Specific Help for "slurm/17" ----------------------

%HELP% texlive/2018

------------------- Module Specific Help for "texlive/2018" --------------------

%HELP% tmux/2.9

--------------------- Module Specific Help for "tmux/2.9" ----------------------
tmux is a terminal multiplexer: it enables a number of terminals to be
created, accessed, and controlled from a single screen.

Software website - https://github.com/tmux/tmux

Built on Mon Jun 24 13:02:45 MDT 2019
Modules used:
   gnu/7.3.0  
   ncarcompilers/0.4.1


%HELP% vapor/2.6.0

-------------------- Module Specific Help for "vapor/2.6.0" --------------------
VAPOR is the Visualization and Analysis Platform for Ocean, Atmosphere,
and Solar Researchers. VAPOR provides an interactive 3D visualization
environment that can also produce animations and still frame images.

Advanced visualization applications such as VAPOR should be launched by
TurboVNC on the Geyser and Caldera clusters. See "Running visualization
programs" on the CISL website for details.

Software website - https://www.vapor.ucar.edu/

Built on Mon Jun 11 15:49:11 MDT 2018
Modules used:
   ncarenv/1.2


%HELP% vis5d/1.3.0-beta

----------------- Module Specific Help for "vis5d/1.3.0-beta" ------------------
A free OpenGL-based volumetric visualization program for scientific
datasets in 3+ dimensions.

Software website - http://vis5d.sourceforge.net/

Built on Mon Nov 12 15:55:15 MST 2018
Modules used:
   ncarenv/1.2  
   intel/17.0.1  
   ncarcompilers/0.4.1  
   netcdf/4.6.1


%HELP% visit/2.13.1

------------------- Module Specific Help for "visit/2.13.1" --------------------
VisIt is an Open Source, interactive, scalable, visualization, animation
and analysis tool.

Advanced visualization applications such as VisIt should be launched in
a TurboVNC session on the DAV machines.

Software website - https://wci.llnl.gov/simulation/computer-codes/visit/

Built on Sat May 19 13:24:44 MDT 2018
Modules used:
   ncarenv/1.2  
   gnu/7.3.0  
   openmpi/3.1.0


%HELP% visit/2.13.3

------------------- Module Specific Help for "visit/2.13.3" --------------------
VisIt is an Open Source, interactive, scalable, visualization, animation
and analysis tool.

Advanced visualization applications such as VisIt should be launched in
a TurboVNC session on the DAV machines.

Software website - https://wci.llnl.gov/simulation/computer-codes/visit/

Built on Wed Feb 27 15:16:12 MST 2019
Modules used:
   ncarenv/1.2  
   gnu/7.3.0  
   openmpi/3.1.3


%HELP% xxdiff/4.0.1

------------------- Module Specific Help for "xxdiff/4.0.1" --------------------
 xxdiff program for comparing files
 Created 2018-7-12


%HELP% yasm/1.3.0

-------------------- Module Specific Help for "yasm/1.3.0" ---------------------
"yasm  assemnbler "

%HELP% intel/18.0.5/hdf5/1.10.5

-------------------- Module Specific Help for "hdf5/1.10.5" --------------------
HDF5 is a unique technology suite that makes possible the management
of extremely large and complex data collections. This module loads the
serial version of the HDF5 library, including Fortran, C, and C++ APIs.

Software website - https://www.hdfgroup.org/solutions/hdf5/

Built on Thu May 16 16:48:35 MDT 2019
Modules used:
   ncarenv/1.2  
   intel/18.0.5  
   ncarcompilers/0.5.0


%HELP% intel/18.0.5/impi/2018.4.274

------------------ Module Specific Help for "impi/2018.4.274" ------------------
Intel® MPI Library is a multifabric message-passing library
that implements the open-source MPICH specification.

Website: https://software.intel.com/en-us/mpi-library


%HELP% intel/18.0.5/mkl/2018.0.5

------------------- Module Specific Help for "mkl/2018.0.5" --------------------
Intel® Math Kernel Library (Intel® MKL) optimizes code with minimal
effort for future generations of Intel® processors.

Software website - https://software.intel.com/en-us/mkl

Built on Thu May 16 16:23:18 MDT 2019
Modules used:
   ncarenv/1.2  
   intel/18.0.5  
   ncarcompilers/0.5.0


%HELP% intel/18.0.5/ncarcompilers/0.5.0

---------------- Module Specific Help for "ncarcompilers/0.5.0" ----------------
This module loads the NCAR compiler wrappers, that wraps the usual
serial and parallel compilers to include all the required libraries and
header files.

Built on Thu May 16 16:19:13 MDT 2019


%HELP% intel/18.0.5/netcdf/4.6.3

------------------- Module Specific Help for "netcdf/4.6.3" --------------------
NetCDF is a set of software libraries and self-describing,
machine-independent data formats that support the creation, access,
and sharing of array-oriented scientific data.

This module loads the serial NetCDF interfaces for C (v4.6.1), Fortran
(v4.4.4), and C++ (v4.3.0).

Software website - http://www.unidata.ucar.edu/software/netcdf/

Built on Thu May 16 16:48:35 MDT 2019
Modules used:
   ncarenv/1.2  
   intel/18.0.5  
   ncarcompilers/0.5.0


%HELP% intel/18.0.1/hdf5/1.8.20

-------------------- Module Specific Help for "hdf5/1.8.20" --------------------
hdf5 v1.8.20 data format tools


%HELP% intel/18.0.1/impi/2018.1.163

------------------ Module Specific Help for "impi/2018.1.163" ------------------
This module loads the Intel MPI Library.
See http://software.intel.com/en-us/intel-mpi-library/
for details.  


%HELP% intel/18.0.1/mkl/2018.0.1

------------------- Module Specific Help for "mkl/2018.0.1" --------------------

%HELP% intel/18.0.1/ncarcompilers/0.4.1

---------------- Module Specific Help for "ncarcompilers/0.4.1" ----------------
This module loads the NCAR compiler wrappers, that wraps the usual
serial and parallel compilers to include all the required libraries
and header files.


%HELP% intel/18.0.1/netcdf/4.6.0

------------------- Module Specific Help for "netcdf/4.6.0" --------------------
NetCDF is a set of software libraries and self-describing,
machine-independent data formats that support the creation, access,
and sharing of array-oriented scientific data.

This module loads the serial NetCDF interfaces for C (v4.6.0), Fortran
(v4.4.4), and C++ (v4.3.0).

Software website - http://www.unidata.ucar.edu/software/netcdf/



%HELP% intel/17.0.1/esmflibs/7.1.0r

------------------ Module Specific Help for "esmflibs/7.1.0r" ------------------
This module makes ESMF libraries available for loading but
does not load any of the libraries. After loading this module, run

    module av

to see which ESMF libraries are available for loading, then load
as needed. See http://www.earthsystemmodeling.org/ for more
information.


%HELP% intel/17.0.1/fftw/3.3.7

-------------------- Module Specific Help for "fftw/3.3.7" ---------------------
FFTW is a C subroutine library for computing the discrete Fourier
transform (DFT) in one or more dimensions, of arbitrary input size,
and of both real and complex data (as well as of even/odd data, i.e. the
discrete cosine/sine transforms or DCT/DST).

Software website - http://www.fftw.org/

Built on Mon Apr 30 15:11:14 MDT 2018
Modules used:
   ncarenv/1.2  
   intel/17.0.1


%HELP% intel/17.0.1/fftw/3.3.8

-------------------- Module Specific Help for "fftw/3.3.8" ---------------------
FFTW is a C subroutine library for computing the discrete Fourier
transform (DFT) in one or more dimensions, of arbitrary input size,
and of both real and complex data (as well as of even/odd data, i.e. the
discrete cosine/sine transforms or DCT/DST).

Software website - http://www.fftw.org/

Built on Thu Dec 20 15:19:35 MST 2018
Modules used:
   ncarenv/1.2  
   intel/17.0.1


%HELP% intel/17.0.1/gdal/2.2.4

-------------------- Module Specific Help for "gdal/2.2.4" ---------------------
GDAL is a translator library for raster and vector geospatial data
formats that is released under an X/MIT style Open Source license by
the Open Source Geospatial Foundation.

Software website - http://www.gdal.org/

Built on Mon Apr 30 18:04:11 MDT 2018
Modules used:
   ncarenv/1.2  
   intel/17.0.1  
   ncarcompilers/0.4.1


%HELP% intel/17.0.1/gdal/2.4.1

-------------------- Module Specific Help for "gdal/2.4.1" ---------------------
GDAL is a translator library for raster and vector geospatial data
formats that is released under an X/MIT style Open Source license by
the Open Source Geospatial Foundation.

Software website - http://www.gdal.org/

Built on Wed Apr 24 11:53:13 MDT 2019
Modules used:
   ncarenv/1.2  
   intel/17.0.1  
   ncarcompilers/0.4.1


%HELP% intel/17.0.1/gmt/5.5.4

--------------------- Module Specific Help for "gmt/5.5.4" ---------------------
	gmt compiled with intel 17.0.1


%HELP% intel/17.0.1/grib-api/1.26.1

------------------ Module Specific Help for "grib-api/1.26.1" ------------------
The ECMWF GRIB-API is an application program interface accessible from
C, FORTRAN and Python programs developed for encoding and decoding WMO
FM-92 GRIB edition 1 and edition 2 messages.

Software website - https://software.ecmwf.int/wiki/display/GRIB/Home

Built on Fri Apr 27 12:11:52 MDT 2018
Modules used:
   ncarenv/1.2  
   intel/17.0.1  
   ncarcompilers/0.4.1  
   netcdf/4.6.1  
   cmake/3.9.4  
   python/2.7.14


%HELP% intel/17.0.1/grib-api/1.28.0

------------------ Module Specific Help for "grib-api/1.28.0" ------------------
The ECMWF GRIB-API is an application program interface accessible from
C, FORTRAN and Python programs developed for encoding and decoding WMO
FM-92 GRIB edition 1 and edition 2 messages.

Software website - https://software.ecmwf.int/wiki/display/GRIB/Home

Built on Fri Dec 21 21:28:56 MST 2018
Modules used:
   ncarenv/1.2   
   ncarcompilers/0.4.1  
   cmake/3.9.4
   intel/17.0.1  
   netcdf/4.6.1


%HELP% intel/17.0.1/grib-libs/1.2

------------------- Module Specific Help for "grib-libs/1.2" -------------------
NCEP codes for decoding and encoding data in GRIB/GRIB2 formats.

The following libraries are included:
 1. GRIB 2.0.6
 2. GRIB2-Fortran 3.1.0
 3. GRIB2-C 1.6.0

Software website - http://www.nco.ncep.noaa.gov/pmb/codes/GRIB2/

Built on Wed May 16 14:48:17 MDT 2018
Modules used:
   ncarenv/1.2  
   intel/17.0.1  
   ncarcompilers/0.4.1


%HELP% intel/17.0.1/hdf/4.2.13

-------------------- Module Specific Help for "hdf/4.2.13" ---------------------
HDF4 (also known as HDF) is a library and multi-object file format for
storing and managing data between machines.

Software website - https://support.hdfgroup.org/products/hdf4/

Built on Mon Apr 30 10:23:01 MDT 2018
Modules used:
   ncarenv/1.2  
   intel/17.0.1  
   ncarcompilers/0.4.1


%HELP% intel/17.0.1/hdf5/1.8.20

-------------------- Module Specific Help for "hdf5/1.8.20" --------------------
hdf5 v1.8.20 data format tools


%HELP% intel/17.0.1/impi/2017.1.132

------------------ Module Specific Help for "impi/2017.1.132" ------------------
This module loads the Intel MPI Library.
See http://software.intel.com/en-us/intel-mpi-library/
for details.  


%HELP% intel/17.0.1/magma/2.4.0

-------------------- Module Specific Help for "magma/2.4.0" --------------------
The MAGMA project aims to develop a dense linear algebra library similar
to LAPACK but for heterogeneous/hybrid architectures, starting with
current "Multicore+GPU" systems.

Software website - http://icl.cs.utk.edu/magma/

Built on Wed Aug  8 14:36:06 MDT 2018
Modules used:
   ncarenv/1.2  
   intel/17.0.1  
   mkl/2017.0.1  
   cuda/9.2


%HELP% intel/17.0.1/mkl-dnn/0.15

------------------- Module Specific Help for "mkl-dnn/0.15" --------------------
Intel(R) Math Kernel Library for Deep Neural Networks (Intel(R) MKL-DNN)
is an open source performance library for deep learning applications.

Software website - https://github.com/intel/mkl-dnn

Built on Tue Aug  7 20:43:36 MDT 2018
Modules used:
   ncarenv/1.2  
   intel/17.0.1  
   mkl/2017.0.1  
   cmake/3.9.4


%HELP% intel/17.0.1/mkl/2017.0.1

------------------- Module Specific Help for "mkl/2017.0.1" --------------------

%HELP% intel/17.0.1/mvapich2/2.3

------------------- Module Specific Help for "mvapich2/2.3" --------------------
This is an MPI-3.1 implementation.

Software website - http://mvapich.cse.ohio-state.edu/

Built on Thu Jan  3 10:14:16 MST 2019
Modules used:
   ncarenv/1.2  
   intel/17.0.1  
   cuda/9.2


%HELP% intel/17.0.1/ncarcompilers/0.4.1

---------------- Module Specific Help for "ncarcompilers/0.4.1" ----------------
This module loads the NCAR compiler wrappers, that wraps the usual
serial and parallel compilers to include all the required libraries
and header files.


%HELP% intel/17.0.1/ncl/6.4.0

--------------------- Module Specific Help for "ncl/6.4.0" ---------------------
This module loads the NCL Version 6.4.0 package


%HELP% intel/17.0.1/ncl/6.5.0

--------------------- Module Specific Help for "ncl/6.5.0" ---------------------
This module loads the NCL Version 6.5.0 package


%HELP% intel/17.0.1/ncl/6.6.2

--------------------- Module Specific Help for "ncl/6.6.2" ---------------------
The NCAR Command Language (NCL) is a free interpreted language designed
specifically for scientific data processing and visualization.

Software website - https://www.ncl.ucar.edu/

Built on Thu May  9 17:04:43 MDT 2019
Modules used:
   ncarenv/1.2  
   intel/17.0.1  
   ncarcompilers/0.4.1


%HELP% intel/17.0.1/netcdf/4.6.0

------------------- Module Specific Help for "netcdf/4.6.0" --------------------
NetCDF is a set of software libraries and self-describing,
machine-independent data formats that support the creation, access,
and sharing of array-oriented scientific data.

This module loads the serial NetCDF interfaces for C (v4.6.0), Fortran
(v4.4.4), and C++ (v4.3.0).

Software website - http://www.unidata.ucar.edu/software/netcdf/

Built on Sat Dec 16 13:07:32 MST 2017
Modules used:
   ncarenv/1.2  
   intel/17.0.1  
   ncarcompilers/0.4.1


%HELP% intel/17.0.1/netcdf/4.6.1

------------------- Module Specific Help for "netcdf/4.6.1" --------------------
NetCDF is a set of software libraries and self-describing,
machine-independent data formats that support the creation, access,
and sharing of array-oriented scientific data.

This module loads the serial NetCDF interfaces for C (v4.6.1), Fortran
(v4.4.4), and C++ (v4.3.0).

Software website - http://www.unidata.ucar.edu/software/netcdf/

Built on Sat Dec 16 13:07:32 MST 2017
Modules used:
   ncarenv/1.2  
   intel/17.0.1  
   ncarcompilers/0.4.1


%HELP% intel/17.0.1/openmpi-x/3.1.0

------------------ Module Specific Help for "openmpi-x/3.1.0" ------------------

%HELP% intel/17.0.1/openmpi/3.1.0

------------------- Module Specific Help for "openmpi/3.1.0" -------------------

%HELP% intel/17.0.1/openmpi/3.1.2

------------------- Module Specific Help for "openmpi/3.1.2" -------------------

%HELP% intel/17.0.1/openmpi/3.1.3

------------------- Module Specific Help for "openmpi/3.1.3" -------------------
The Open MPI Project is an open source Message Passing Interface
implementation that is developed and maintained by a consortium of
academic, research, and industry partners.

Software website - https://www.open-mpi.org/

Built on Wed Dec 19 15:51:26 MST 2018
Modules used:
   ncarenv/1.2  
   intel/17.0.1  
   cuda/9.2


%HELP% intel/17.0.1/proj/5.0.1

-------------------- Module Specific Help for "proj/5.0.1" ---------------------
proj.4 is a standard UNIX filter function which converts geographic
longitude and latitude coordinates into cartesian coordinates (and vice
versa), and it is a C API for software developers to include coordinate
transformation in their own software.

Software website - http://proj4.org/

Built on Wed Apr 25 11:44:51 MDT 2018
Modules used:
   ncarenv/1.2  
   intel/17.0.1  
   ncarcompilers/0.4.1


%HELP% impi/2017.1.132/intel/17.0.1/netcdf-mpi/4.6.1

----------------- Module Specific Help for "netcdf-mpi/4.6.1" ------------------
NetCDF is a set of software libraries and self-describing,
machine-independent data formats that support the creation, access,
and sharing of array-oriented scientific data.

This module loads the parallel NetCDF interfaces for C (v4.6.1), Fortran
(v4.4.4), and C++ (v4.3.0).

Software website - http://www.unidata.ucar.edu/software/netcdf/

Built on Tue May 15 15:06:14 MDT 2018
Modules used:
   ncarenv/1.2  
   intel/17.0.1  
   impi/2017.1.132  
   ncarcompilers/0.4.1


%HELP% impi/2017.1.132/intel/17.0.1/pnetcdf/1.9.0

------------------- Module Specific Help for "pnetcdf/1.9.0" -------------------
PnetCDF is a high-performance parallel I/O library for accessing files in
format compatibility with ​Unidata's NetCDF, specifically the formats
of CDF-1, 2, and 5.

Software website - https://trac.mcs.anl.gov/projects/parallel-netcdf

Built on Wed May 16 20:08:25 MDT 2018
Modules used:
   ncarenv/1.2  
   intel/17.0.1  
   ncarcompilers/0.4.1  
   impi/2017.1.132


%HELP% openmpi/3.1.2/intel/17.0.1/fftw-mpi/3.3.8

------------------ Module Specific Help for "fftw-mpi/3.3.8" -------------------
FFTW is a C subroutine library for computing the discrete Fourier
transform (DFT) in one or more dimensions, of arbitrary input size,
and of both real and complex data (as well as of even/odd data, i.e. the
discrete cosine/sine transforms or DCT/DST).

Software website - http://www.fftw.org/

Built on Mon Apr 15 13:41:32 MDT 2019
Modules used:
   ncarenv/1.2  
   intel/17.0.1  
   openmpi/3.1.2


%HELP% openmpi/3.1.2/intel/17.0.1/netcdf-mpi/4.6.1

----------------- Module Specific Help for "netcdf-mpi/4.6.1" ------------------
NetCDF is a set of software libraries and self-describing,
machine-independent data formats that support the creation, access,
and sharing of array-oriented scientific data.

This module loads the parallel NetCDF interfaces for C (v4.6.1), Fortran
(v4.4.4), and C++ (v4.3.0).

Software website - http://www.unidata.ucar.edu/software/netcdf/

Built on Tue May 15 15:11:06 MDT 2018
Modules used:
   ncarenv/1.2  
   intel/17.0.1  
   openmpi/3.1.0  
   ncarcompilers/0.4.1


%HELP% openmpi/3.1.2/intel/17.0.1/pio/2.3.1

--------------------- Module Specific Help for "pio/2.3.1" ---------------------
This module loads the PIO Parallel IO library, Version 2.3.1
See https://github.com/parallelio/parallelio for details.


%HELP% openmpi/3.1.2/intel/17.0.1/pnetcdf/1.9.0

------------------- Module Specific Help for "pnetcdf/1.9.0" -------------------
PnetCDF is a high-performance parallel I/O library for accessing files in
format compatibility with ​Unidata's NetCDF, specifically the formats
of CDF-1, 2, and 5.

Software website - https://trac.mcs.anl.gov/projects/parallel-netcdf

Built on Mon May 21 13:46:26 MDT 2018
Modules used:
   ncarenv/1.2  
   intel/17.0.1  
   ncarcompilers/0.4.1  
   openmpi/3.1.0


%HELP% openmpi/3.1.3/intel/17.0.1/netcdf-mpi/4.6.1

----------------- Module Specific Help for "netcdf-mpi/4.6.1" ------------------
NetCDF is a set of software libraries and self-describing,
machine-independent data formats that support the creation, access,
and sharing of array-oriented scientific data.

This module loads the parallel NetCDF interfaces for C (v4.6.1), Fortran
(v4.4.4), and C++ (v4.3.0).

Software website - http://www.unidata.ucar.edu/software/netcdf/

Built on Thu Dec 20 15:44:33 MST 2018
Modules used:
   ncarenv/1.2  
   intel/17.0.1  
   openmpi/3.1.3  
   ncarcompilers/0.4.1


%HELP% openmpi-x/3.1.0/intel/17.0.1/fftw3-mpi/3.3.6-pl2

---------------- Module Specific Help for "fftw3-mpi/3.3.6-pl2" ----------------

%HELP% openmpi-x/3.1.0/intel/17.0.1/netcdf-mpi/4.6.1

----------------- Module Specific Help for "netcdf-mpi/4.6.1" ------------------
NetCDF is a set of software libraries and self-describing,
machine-independent data formats that support the creation, access,
and sharing of array-oriented scientific data.

This module loads the parallel NetCDF interfaces for C (v4.6.1), Fortran
(v4.4.4), and C++ (v4.3.0).

Software website - http://www.unidata.ucar.edu/software/netcdf/

Built on Tue May 15 15:11:06 MDT 2018
Modules used:
   ncarenv/1.2  
   intel/17.0.1  
   openmpi/3.1.0  
   ncarcompilers/0.4.1


%HELP% openmpi-x/3.1.0/intel/17.0.1/pio/2.3.1

--------------------- Module Specific Help for "pio/2.3.1" ---------------------
This module loads the PIO Parallel IO library, Version 2.3.1
See https://github.com/parallelio/parallelio for details.


%HELP% openmpi-x/3.1.0/intel/17.0.1/pnetcdf/1.9.0

------------------- Module Specific Help for "pnetcdf/1.9.0" -------------------
PnetCDF is a high-performance parallel I/O library for accessing files in
format compatibility with ​Unidata's NetCDF, specifically the formats
of CDF-1, 2, and 5.

Software website - https://trac.mcs.anl.gov/projects/parallel-netcdf

Built on Mon May 21 13:46:26 MDT 2018
Modules used:
   ncarenv/1.2  
   intel/17.0.1  
   ncarcompilers/0.4.1  
   openmpi/3.1.0


%HELP% intel/19.0.2/hdf5/1.10.5

-------------------- Module Specific Help for "hdf5/1.10.5" --------------------
HDF5 is a unique technology suite that makes possible the management
of extremely large and complex data collections. This module loads the
serial version of the HDF5 library, including Fortran, C, and C++ APIs.

Software website - https://www.hdfgroup.org/solutions/hdf5/

Built on Thu May 16 17:10:48 MDT 2019
Modules used:
   ncarenv/1.2  
   intel/19.0.2  
   ncarcompilers/0.5.0


%HELP% intel/19.0.2/mkl/2019.0.2

------------------- Module Specific Help for "mkl/2019.0.2" --------------------
Intel® Math Kernel Library (Intel® MKL) optimizes code with minimal
effort for future generations of Intel® processors.

Software website - https://software.intel.com/en-us/mkl

Built on Thu May 16 16:24:36 MDT 2019
Modules used:
   ncarenv/1.2  
   intel/19.0.2  
   ncarcompilers/0.5.0


%HELP% intel/19.0.2/ncarcompilers/0.5.0

---------------- Module Specific Help for "ncarcompilers/0.5.0" ----------------
This module loads the NCAR compiler wrappers, that wraps the usual
serial and parallel compilers to include all the required libraries and
header files.

Built on Thu May 16 16:19:44 MDT 2019


%HELP% intel/19.0.2/netcdf/4.6.3

------------------- Module Specific Help for "netcdf/4.6.3" --------------------
NetCDF is a set of software libraries and self-describing,
machine-independent data formats that support the creation, access,
and sharing of array-oriented scientific data.

This module loads the serial NetCDF interfaces for C (v4.6.1), Fortran
(v4.4.4), and C++ (v4.3.0).

Software website - http://www.unidata.ucar.edu/software/netcdf/

Built on Thu May 16 17:10:48 MDT 2019
Modules used:
   ncarenv/1.2  
   intel/19.0.2  
   ncarcompilers/0.5.0


%HELP% gnu/7.3.0/blas_lapack/3.8.0

----------------- Module Specific Help for "blas_lapack/3.8.0" -----------------
This module loads the netlib lapack and blas libraries,  the usual
serial and parallel compilers to include all the required libraries
and header files.


%HELP% gnu/7.3.0/esmflibs/7.1.0r

------------------ Module Specific Help for "esmflibs/7.1.0r" ------------------
This module makes ESMF libraries available for loading but
does not load any of the libraries. After loading this module, run

    module av

to see which ESMF libraries are available for loading, then load
as needed. See http://www.earthsystemmodeling.org/ for more
information.


%HELP% gnu/7.3.0/fftw/3.3.7

-------------------- Module Specific Help for "fftw/3.3.7" ---------------------
FFTW is a C subroutine library for computing the discrete Fourier
transform (DFT) in one or more dimensions, of arbitrary input size,
and of both real and complex data (as well as of even/odd data, i.e. the
discrete cosine/sine transforms or DCT/DST).

Software website - http://www.fftw.org/

Built on Thu Apr 26 13:23:16 MDT 2018
Modules used:
   ncarenv/1.2  
   gnu/7.3.0


%HELP% gnu/7.3.0/fftw/3.3.8

-------------------- Module Specific Help for "fftw/3.3.8" ---------------------
FFTW is a C subroutine library for computing the discrete Fourier
transform (DFT) in one or more dimensions, of arbitrary input size,
and of both real and complex data (as well as of even/odd data, i.e. the
discrete cosine/sine transforms or DCT/DST).

Software website - http://www.fftw.org/

Built on Thu Dec 20 15:08:33 MST 2018
Modules used:
   ncarenv/1.2  
   gnu/7.3.0


%HELP% gnu/7.3.0/gdal/2.2.4

-------------------- Module Specific Help for "gdal/2.2.4" ---------------------
GDAL 

This module loads the GDAL package for Fortran, python, C, and C++.
It will place the GDAL executables in your path,
and update the environment variable "GDAL" to the GDAL installation directory.
Loading this module helps you automatically link the related library during compiling and linking steps.

To search manual pages for GDAL commands, type the "apropos gdal" command.


If you have any questions or concerns about the module utility,
contact the CISL Consulting Services Group by email (cislhelp@ucar.edu)
or by phone (303-497-2400).


%HELP% gnu/7.3.0/gdal/2.4.0

-------------------- Module Specific Help for "gdal/2.4.0" ---------------------
GDAL is a translator library for raster and vector geospatial data
formats that is released under an X/MIT style Open Source license by
the Open Source Geospatial Foundation.

Software website - http://www.gdal.org/

Built on Sun Dec 30 17:58:26 MST 2018
Modules used:
   ncarenv/1.2  
   gnu/7.3.0  
   ncarcompilers/0.4.1


%HELP% gnu/7.3.0/gdal/2.4.1

-------------------- Module Specific Help for "gdal/2.4.1" ---------------------
GDAL is a translator library for raster and vector geospatial data
formats that is released under an X/MIT style Open Source license by
the Open Source Geospatial Foundation.

Software website - http://www.gdal.org/

Built on Wed Apr 24 11:20:00 MDT 2019
Modules used:
   ncarenv/1.2  
   gnu/7.3.0  
   ncarcompilers/0.4.1


%HELP% gnu/7.3.0/geos/3.6.2

-------------------- Module Specific Help for "geos/3.6.2" ---------------------
geo projection library


%HELP% gnu/7.3.0/grib-api/1.26.1

------------------ Module Specific Help for "grib-api/1.26.1" ------------------
The ECMWF GRIB-API is an application program interface accessible from
C, FORTRAN and Python programs developed for encoding and decoding WMO
FM-92 GRIB edition 1 and edition 2 messages.

Software website - https://software.ecmwf.int/wiki/display/GRIB/Home

Built on Fri Apr 27 11:59:32 MDT 2018
Modules used:
   ncarenv/1.2  
   gnu/7.3.0  
   ncarcompilers/0.4.1  
   netcdf/4.6.1  
   cmake/3.9.4  
   python/2.7.14


%HELP% gnu/7.3.0/grib-api/1.28.0

------------------ Module Specific Help for "grib-api/1.28.0" ------------------
The ECMWF GRIB-API is an application program interface accessible from
C, FORTRAN and Python programs developed for encoding and decoding WMO
FM-92 GRIB edition 1 and edition 2 messages.

Software website - https://software.ecmwf.int/wiki/display/GRIB/Home

Built on Fri Dec 21 21:20:56 MST 2018
Modules used:
   ncarenv/1.2  
   ncarcompilers/0.4.1  
   cmake/3.9.4
   gnu/7.3.0    
   netcdf/4.6.1


%HELP% gnu/7.3.0/grib-libs/1.2

------------------- Module Specific Help for "grib-libs/1.2" -------------------
NCEP codes for decoding and encoding data in GRIB/GRIB2 formats.

The following libraries are included:
 1. GRIB 2.0.6
 2. GRIB2-Fortran 3.1.0
 3. GRIB2-C 1.6.0

Software website - http://www.nco.ncep.noaa.gov/pmb/codes/GRIB2/

Built on Wed Jan  2 11:46:45 MST 2019
Modules used:
   ncarenv/1.2  
   gnu/7.3.0  
   ncarcompilers/0.4.1


%HELP% gnu/7.3.0/gsl/2.4

---------------------- Module Specific Help for "gsl/2.4" ----------------------

%HELP% gnu/7.3.0/hdf/4.2.13

-------------------- Module Specific Help for "hdf/4.2.13" ---------------------
HDF4 (also known as HDF) is a library and multi-object file format for
storing and managing data between machines.

Software website - https://support.hdfgroup.org/products/hdf4/

Built on Mon Apr 30 10:28:51 MDT 2018
Modules used:
   ncarenv/1.2  
   gnu/7.3.0  
   ncarcompilers/0.4.1


%HELP% gnu/7.3.0/hdf/4.2.14

-------------------- Module Specific Help for "hdf/4.2.14" ---------------------
HDF4 (also known as HDF) is a library and multi-object file format for
storing and managing data between machines.

Software website - https://support.hdfgroup.org/products/hdf4/

Built on Sun Dec 30 14:41:59 MST 2018
Modules used:
   ncarenv/1.2  
   gnu/7.3.0  
   ncarcompilers/0.4.1


%HELP% gnu/7.3.0/hdf5/1.8.20

-------------------- Module Specific Help for "hdf5/1.8.20" --------------------
hdf5 v1.8.20 If you have any questions or concerns about the module utility,
contact the CISL Consulting Services Group by email (cislhelp@ucar.edu)
or by phone (303-497-2400).


%HELP% gnu/7.3.0/impi/2018.4.274

------------------ Module Specific Help for "impi/2018.4.274" ------------------
Intel® MPI Library is a multifabric message-passing library
that implements the open-source MPICH specification.

Website: https://software.intel.com/en-us/mpi-library


%HELP% gnu/7.3.0/magma/2.5.0

-------------------- Module Specific Help for "magma/2.5.0" --------------------
The MAGMA project aims to develop a dense linear algebra library similar
to LAPACK but for heterogeneous/hybrid architectures, starting with
current "Multicore+GPU" systems.

Software website - http://icl.cs.utk.edu/magma/

Built on Fri Apr 12 11:55:02 MDT 2019
Modules used:
   ncarenv/1.2  
   gnu/7.3.0  
   cuda/9.2


%HELP% gnu/7.3.0/ncarcompilers/0.4.1

---------------- Module Specific Help for "ncarcompilers/0.4.1" ----------------
This module loads the NCAR compiler wrappers, that wraps the usual
serial and parallel compilers to include all the required libraries
and header files.


%HELP% gnu/7.3.0/ncl/6.4.0

--------------------- Module Specific Help for "ncl/6.4.0" ---------------------
This module loads the NCL Version 6.4.0 package


%HELP% gnu/7.3.0/ncl/6.5.0

--------------------- Module Specific Help for "ncl/6.5.0" ---------------------
This module loads the NCL Version 6.5.0 package


%HELP% gnu/7.3.0/ncl/6.6.2

--------------------- Module Specific Help for "ncl/6.6.2" ---------------------
The NCAR Command Language (NCL) is a free interpreted language designed
specifically for scientific data processing and visualization.

Software website - https://www.ncl.ucar.edu/

Built on Fri Mar  1 13:31:11 MST 2019
Modules used:
   ncarenv/1.2  
   gnu/7.3.0  
   ncarcompilers/0.4.1


%HELP% gnu/7.3.0/netcdf/4.6.0

------------------- Module Specific Help for "netcdf/4.6.0" --------------------
NetCDF is a set of software libraries and self-describing,
machine-independent data formats that support the creation, access,
and sharing of array-oriented scientific data.

This module loads the serial NetCDF interfaces for C (v4.6.0), Fortran
(v4.4.4), and C++ (v4.3.0).

Software website - http://www.unidata.ucar.edu/software/netcdf/



%HELP% gnu/7.3.0/netcdf/4.6.1

------------------- Module Specific Help for "netcdf/4.6.1" --------------------
NetCDF is a set of software libraries and self-describing,
machine-independent data formats that support the creation, access,
and sharing of array-oriented scientific data.

This module loads the serial NetCDF interfaces for C (v4.6.1), Fortran
(v4.4.4), and C++ (v4.3.0).

Software website - http://www.unidata.ucar.edu/software/netcdf/



%HELP% gnu/7.3.0/openblas/0.2.20

------------------ Module Specific Help for "openblas/0.2.20" ------------------
OpenBLAS is an optimized BLAS library based on GotoBLAS2 1.13 BSD version.

Software website - https://www.openblas.net/

Built on Sat May 19 16:06:59 MDT 2018
Modules used:
   ncarenv/1.2  
   gnu/7.3.0  
   ncarcompilers/0.4.1


%HELP% gnu/7.3.0/openmpi-x/3.1.0

------------------ Module Specific Help for "openmpi-x/3.1.0" ------------------

%HELP% gnu/7.3.0/openmpi/3.1.0

------------------- Module Specific Help for "openmpi/3.1.0" -------------------

%HELP% gnu/7.3.0/openmpi/3.1.2

------------------- Module Specific Help for "openmpi/3.1.2" -------------------

%HELP% gnu/7.3.0/openmpi/3.1.3

------------------- Module Specific Help for "openmpi/3.1.3" -------------------
The Open MPI Project is an open source Message Passing Interface
implementation that is developed and maintained by a consortium of
academic, research, and industry partners.

Software website - https://www.open-mpi.org/

Built on Tue Dec 18 10:35:40 MST 2018
Modules used:
   ncarenv/1.2  
   gnu/7.3.0  
   cuda/9.2


%HELP% gnu/7.3.0/openmpi/3.1.4

------------------- Module Specific Help for "openmpi/3.1.4" -------------------
The Open MPI Project is an open source Message Passing Interface
implementation that is developed and maintained by a consortium of
academic, research, and industry partners.

Software website - https://www.open-mpi.org/

Built on Mon Apr 22 15:24:32 MDT 2019
Modules used:
   ncarenv/1.2  
   gnu/7.3.0  
   cuda/10.1


%HELP% gnu/7.3.0/proj/5.0.1

-------------------- Module Specific Help for "proj/5.0.1" ---------------------
proj.4 is a standard UNIX filter function which converts geographic
longitude and latitude coordinates into cartesian coordinates (and vice
versa), and it is a C API for software developers to include coordinate
transformation in their own software.

Software website - http://proj4.org/

Built on Wed Apr 25 11:34:22 MDT 2018
Modules used:
   ncarenv/1.2  
   gnu/7.3.0  
   ncarcompilers/0.4.1


%HELP% gnu/7.3.0/proj/5.2.0

-------------------- Module Specific Help for "proj/5.2.0" ---------------------
proj.4 is a standard UNIX filter function which converts geographic
longitude and latitude coordinates into cartesian coordinates (and vice
versa), and it is a C API for software developers to include coordinate
transformation in their own software.

Software website - http://proj4.org/

Built on Thu Dec 20 13:27:05 MST 2018
Modules used:
   ncarenv/1.2  
   gnu/7.3.0  
   ncarcompilers/0.4.1


%HELP% gnu/7.3.0/szip/2.1

--------------------- Module Specific Help for "szip/2.1" ----------------------
szip data compression, you do not need to load this if you hdf5 or netcdf loaded


%HELP% gnu/7.3.0/udunits/2.2.26

------------------ Module Specific Help for "udunits/2.2.26" -------------------
The UDUNITS package from Unidata is a C-based package for the programatic
handling of units of physical quantities.

Software website - https://www.unidata.ucar.edu/software/udunits/

Built on Thu Jan 31 08:34:44 MST 2019
Modules used:
   ncarenv/1.2  
   gnu/7.3.0  
   ncarcompilers/0.4.1


%HELP% gnu/7.3.0/zlib/1.2.10

-------------------- Module Specific Help for "zlib/1.2.10" --------------------
data compression no need to load this if you have netcdf or hdf5 loaded


%HELP% openmpi/3.1.2/gnu/7.3.0/fftw-mpi/3.3.8

------------------ Module Specific Help for "fftw-mpi/3.3.8" -------------------
FFTW is a C subroutine library for computing the discrete Fourier
transform (DFT) in one or more dimensions, of arbitrary input size,
and of both real and complex data (as well as of even/odd data, i.e. the
discrete cosine/sine transforms or DCT/DST).

Software website - http://www.fftw.org/

Built on Mon Apr 15 13:28:17 MDT 2019
Modules used:
   ncarenv/1.2  
   gnu/7.3.0  
   openmpi/3.1.2


%HELP% openmpi/3.1.2/gnu/7.3.0/netcdf-mpi/4.6.1

----------------- Module Specific Help for "netcdf-mpi/4.6.1" ------------------
NetCDF is a set of software libraries and self-describing,
machine-independent data formats that support the creation, access,
and sharing of array-oriented scientific data.

This module loads the parallel NetCDF interfaces for C (v4.6.1), Fortran
(v4.4.4), and C++ (v4.3.0).

Software website - http://www.unidata.ucar.edu/software/netcdf/

Built on Tue May 15 15:23:39 MDT 2018
Modules used:
   ncarenv/1.2  
   gnu/7.3.0  
   openmpi/3.1.0  
   ncarcompilers/0.4.1


%HELP% openmpi/3.1.2/gnu/7.3.0/pio/2.3.1

--------------------- Module Specific Help for "pio/2.3.1" ---------------------
This module loads the PIO Parallel IO library, Version 2.3.1
See https://github.com/parallelio/parallelio for details.


%HELP% openmpi/3.1.2/gnu/7.3.0/pnetcdf/1.9.0

------------------- Module Specific Help for "pnetcdf/1.9.0" -------------------
PnetCDF is a high-performance parallel I/O library for accessing files in
format compatibility with ​Unidata's NetCDF, specifically the formats
of CDF-1, 2, and 5.

Software website - https://trac.mcs.anl.gov/projects/parallel-netcdf

Built on Mon May 21 14:01:13 MDT 2018
Modules used:
   ncarenv/1.2  
   gnu/7.3.0  
   ncarcompilers/0.4.1  
   openmpi/3.1.0


%HELP% openmpi/3.1.2/gnu/7.3.0/rmpi/0.6-9

-------------------- Module Specific Help for "rmpi/0.6-9" ---------------------
Rmpi is a package for R, a free software environment for statistical
computing and graphics. It is an interface (wrapper) to MPI
(Message-Passing Interface).

Software website - http://www.stats.uwo.ca/faculty/yu/Rmpi/

Built on Sun Mar 31 00:59:44 MDT 2019
Modules used:
   ncarenv/1.2  
   gnu/7.3.0  
   openmpi/3.1.2  
   ncarcompilers/0.4.1  
   R/3.5.2


%HELP% openmpi-x/3.1.0/gnu/7.3.0/fftw3-mpi/3.3.6-pl2

---------------- Module Specific Help for "fftw3-mpi/3.3.6-pl2" ----------------

%HELP% openmpi-x/3.1.0/gnu/7.3.0/netcdf-mpi/4.6.1

----------------- Module Specific Help for "netcdf-mpi/4.6.1" ------------------
NetCDF is a set of software libraries and self-describing,
machine-independent data formats that support the creation, access,
and sharing of array-oriented scientific data.

This module loads the parallel NetCDF interfaces for C (v4.6.1), Fortran
(v4.4.4), and C++ (v4.3.0).

Software website - http://www.unidata.ucar.edu/software/netcdf/

Built on Tue May 15 15:23:39 MDT 2018
Modules used:
   ncarenv/1.2  
   gnu/7.3.0  
   openmpi/3.1.0  
   ncarcompilers/0.4.1


%HELP% openmpi-x/3.1.0/gnu/7.3.0/pio/2.3.1

--------------------- Module Specific Help for "pio/2.3.1" ---------------------
This module loads the PIO Parallel IO library, Version 2.3.1
See https://github.com/parallelio/parallelio for details.


%HELP% openmpi-x/3.1.0/gnu/7.3.0/pnetcdf/1.9.0

------------------- Module Specific Help for "pnetcdf/1.9.0" -------------------
PnetCDF is a high-performance parallel I/O library for accessing files in
format compatibility with ​Unidata's NetCDF, specifically the formats
of CDF-1, 2, and 5.

Software website - https://trac.mcs.anl.gov/projects/parallel-netcdf

Built on Mon May 21 14:01:13 MDT 2018
Modules used:
   ncarenv/1.2  
   gnu/7.3.0  
   ncarcompilers/0.4.1  
   openmpi/3.1.0


%HELP% gnu/6.4.0/impi/2018.4.274

------------------ Module Specific Help for "impi/2018.4.274" ------------------
Intel® MPI Library is a multifabric message-passing library
that implements the open-source MPICH specification.

Website: https://software.intel.com/en-us/mpi-library


%HELP% gnu/6.4.0/ncarcompilers/0.4.1

---------------- Module Specific Help for "ncarcompilers/0.4.1" ----------------
This module loads the NCAR compiler wrappers, that wraps the usual
serial and parallel compilers to include all the required libraries
and header files.


%HELP% gnu/7.4.0/magma/2.5.0

-------------------- Module Specific Help for "magma/2.5.0" --------------------
The MAGMA project aims to develop a dense linear algebra library similar
to LAPACK but for heterogeneous/hybrid architectures, starting with
current "Multicore+GPU" systems.

Software website - http://icl.cs.utk.edu/magma/

Built on Mon Apr 29 11:38:07 MDT 2019
Modules used:
   ncarenv/1.2  
   gnu/7.4.0  
   cuda/10.0


%HELP% gnu/7.4.0/ncarcompilers/0.4.1

---------------- Module Specific Help for "ncarcompilers/0.4.1" ----------------
This module loads the NCAR compiler wrappers, that wraps the usual
serial and parallel compilers to include all the required libraries
and header files.


%HELP% gnu/7.4.0/openmpi/3.1.2

------------------- Module Specific Help for "openmpi/3.1.2" -------------------
The Open MPI Project is an open source Message Passing Interface
implementation that is developed and maintained by a consortium of
academic, research, and industry partners.

Software website - https://www.open-mpi.org/

Built on Fri Apr 12 10:20:32 MDT 2019
Modules used:
   ncarenv/1.2  
   gnu/7.4.0  
   cuda/9.2


%HELP% gnu/7.4.0/openmpi/3.1.4

------------------- Module Specific Help for "openmpi/3.1.4" -------------------
The Open MPI Project is an open source Message Passing Interface
implementation that is developed and maintained by a consortium of
academic, research, and industry partners.

Software website - https://www.open-mpi.org/

Built on Mon Apr 29 10:05:08 MDT 2019
Modules used:
   ncarenv/1.2  
   gnu/7.4.0  
   cuda/10.0


%HELP% pgi/17.10/ncarcompilers/0.4.1

---------------- Module Specific Help for "ncarcompilers/0.4.1" ----------------
This module loads the NCAR compiler wrappers, that wraps the usual
serial and parallel compilers to include all the required libraries
and header files.


%HELP% pgi/17.10/netcdf/4.6.1

------------------- Module Specific Help for "netcdf/4.6.1" --------------------
NetCDF is a set of software libraries and self-describing,
machine-independent data formats that support the creation, access,
and sharing of array-oriented scientific data.

This module loads the serial NetCDF interfaces for C (v4.6.1), Fortran
(v4.4.4), and C++ (v4.3.0).

Software website - http://www.unidata.ucar.edu/software/netcdf/



%HELP% pgi/17.10/openmpi-x/3.1.0

------------------ Module Specific Help for "openmpi-x/3.1.0" ------------------

%HELP% pgi/17.10/openmpi/3.1.2

------------------- Module Specific Help for "openmpi/3.1.2" -------------------

%HELP% openmpi/3.1.2/pgi/17.10/netcdf-mpi/4.6.1

----------------- Module Specific Help for "netcdf-mpi/4.6.1" ------------------
NetCDF is a set of software libraries and self-describing,
machine-independent data formats that support the creation, access,
and sharing of array-oriented scientific data.

This module loads the parallel NetCDF interfaces for C (v4.6.1), Fortran
(v4.4.4), and C++ (v4.3.0).

Software website - http://www.unidata.ucar.edu/software/netcdf/




%HELP% openmpi/3.1.2/pgi/17.10/pio/2.3.1

--------------------- Module Specific Help for "pio/2.3.1" ---------------------
This module loads the PIO Parallel IO library, Version 2.3.1
See https://github.com/parallelio/parallelio for details.


%HELP% openmpi/3.1.2/pgi/17.10/pnetcdf/1.9.0

------------------- Module Specific Help for "pnetcdf/1.9.0" -------------------
PnetCDF is a high-performance parallel I/O library for accessing files in
format compatibility with ​Unidata's NetCDF, specifically the formats
of CDF-1, 2, and 5.

Software website - https://trac.mcs.anl.gov/projects/parallel-netcdf



%HELP% openmpi-x/3.1.0/pgi/17.10/fftw3-mpi/3.3.6-pl2

---------------- Module Specific Help for "fftw3-mpi/3.3.6-pl2" ----------------

%HELP% openmpi-x/3.1.0/pgi/17.10/netcdf-mpi/4.6.1

----------------- Module Specific Help for "netcdf-mpi/4.6.1" ------------------
NetCDF is a set of software libraries and self-describing,
machine-independent data formats that support the creation, access,
and sharing of array-oriented scientific data.

This module loads the parallel NetCDF interfaces for C (v4.6.1), Fortran
(v4.4.4), and C++ (v4.3.0).

Software website - http://www.unidata.ucar.edu/software/netcdf/




%HELP% openmpi-x/3.1.0/pgi/17.10/pio/2.3.1

--------------------- Module Specific Help for "pio/2.3.1" ---------------------
This module loads the PIO Parallel IO library, Version 2.3.1
See https://github.com/parallelio/parallelio for details.


%HELP% openmpi-x/3.1.0/pgi/17.10/pnetcdf/1.9.0

------------------- Module Specific Help for "pnetcdf/1.9.0" -------------------
PnetCDF is a high-performance parallel I/O library for accessing files in
format compatibility with ​Unidata's NetCDF, specifically the formats
of CDF-1, 2, and 5.

Software website - https://trac.mcs.anl.gov/projects/parallel-netcdf



%HELP% pgi/18.10/fftw/3.3.8

-------------------- Module Specific Help for "fftw/3.3.8" ---------------------
FFTW is a C subroutine library for computing the discrete Fourier
transform (DFT) in one or more dimensions, of arbitrary input size,
and of both real and complex data (as well as of even/odd data, i.e. the
discrete cosine/sine transforms or DCT/DST).

Software website - http://www.fftw.org/

Built on Thu Dec 20 16:25:36 MST 2018
Modules used:
   ncarenv/1.2  
   pgi/18.10


%HELP% pgi/18.10/grib-api/1.28.0

------------------ Module Specific Help for "grib-api/1.28.0" ------------------
The ECMWF GRIB-API is an application program interface accessible from
C, FORTRAN and Python programs developed for encoding and decoding WMO
FM-92 GRIB edition 1 and edition 2 messages.

Software website - https://software.ecmwf.int/wiki/display/GRIB/Home

Built on Fri Dec 21 21:51:21 MST 2018
Modules used:
   ncarenv/1.2  
   ncarcompilers/0.4.1  
   cmake/3.9.4
   pgi/18.10    
   netcdf/4.6.1


%HELP% pgi/18.10/ncarcompilers/0.4.1

---------------- Module Specific Help for "ncarcompilers/0.4.1" ----------------
This module loads the NCAR compiler wrappers, that wraps the usual
serial and parallel compilers to include all the required libraries
and header files.


%HELP% pgi/18.10/netcdf/4.6.1

------------------- Module Specific Help for "netcdf/4.6.1" --------------------
NetCDF is a set of software libraries and self-describing,
machine-independent data formats that support the creation, access,
and sharing of array-oriented scientific data.

This module loads the serial NetCDF interfaces for C (v4.6.1), Fortran
(v4.4.4), and C++ (v4.3.0).

Software website - http://www.unidata.ucar.edu/software/netcdf/

Built on Mon Dec 17 16:45:46 MST 2018
Modules used:
   ncarenv/1.2  
   pgi/18.10  
   ncarcompilers/0.4.1


%HELP% pgi/18.10/openmpi/3.1.2

------------------- Module Specific Help for "openmpi/3.1.2" -------------------
The Open MPI Project is an open source Message Passing Interface
implementation that is developed and maintained by a consortium of
academic, research, and industry partners.

Software website - https://www.open-mpi.org/

Built on Fri Dec 14 11:38:11 MST 2018
Modules used:
   ncarenv/1.2  
   pgi/18.10  
   cuda/9.2


%HELP% pgi/18.10/openmpi/3.1.3

------------------- Module Specific Help for "openmpi/3.1.3" -------------------
The Open MPI Project is an open source Message Passing Interface
implementation that is developed and maintained by a consortium of
academic, research, and industry partners.

Software website - https://www.open-mpi.org/

Built on Mon Dec 17 16:18:47 MST 2018
Modules used:
   ncarenv/1.2  
   pgi/18.10  
   cuda/9.2


%HELP% pgi/19.3/ncarcompilers/0.4.1

---------------- Module Specific Help for "ncarcompilers/0.4.1" ----------------
This module loads the NCAR compiler wrappers, that wraps the usual
serial and parallel compilers to include all the required libraries and
header files.

Built on Mon Apr 22 13:23:02 MDT 2019


%HELP% pgi/19.3/openmpi/3.1.4

------------------- Module Specific Help for "openmpi/3.1.4" -------------------
The Open MPI Project is an open source Message Passing Interface
implementation that is developed and maintained by a consortium of
academic, research, and industry partners.

Software website - https://www.open-mpi.org/

Built on Mon Apr 22 14:50:31 MDT 2019
Modules used:
   ncarenv/1.2  
   pgi/19.3  
   cuda/10.1


%HELP% pgi/18.4/ncarcompilers/0.4.1

---------------- Module Specific Help for "ncarcompilers/0.4.1" ----------------
This module loads the NCAR compiler wrappers, that wraps the usual
serial and parallel compilers to include all the required libraries
and header files.


%HELP% pgi/18.4/openmpi/3.1.2

------------------- Module Specific Help for "openmpi/3.1.2" -------------------
The Open MPI Project is an open source Message Passing Interface
implementation that is developed and maintained by a consortium of
academic, research, and industry partners.

Software website - https://www.open-mpi.org/

Built on Wed Nov  7 17:00:02 MST 2018
Modules used:
   ncarenv/1.2  
   pgi/18.4  
   cuda/9.2


