compilers:
cuda/9.0
cuda/9.2
cuda/10.0
cuda/10.1
gnu/6.4.0
gnu/7.3.0
gnu/7.4.0
intel/17.0.1
intel/18.0.1
intel/18.0.5
intel/19.0.2
pgi/17.10
pgi/18.4
pgi/18.10
pgi/19.3
idep:
R/3.5.0
R/3.5.2
arm-forge/18.1.2
arm-forge/18.2.3
arm-forge/19.0.4
arm-reports/18.1.2
arm-reports/18.2.3
arm-reports/19.0.4
bazel/0.15.2
bazel/0.21.0
cdo/1.7.2
cdo/1.9.3
cdo/1.9.4
cmake/3.9.4
diffuse/0.4.8
emacs/26.1
ffmpeg/4.0.2
git/2.9.5
gnuplot/5.2.2
google-chrome/1.0.0
grads/2.2.1
graphviz/2.40.1
grib-bins/1.2
gv/3.7.4
idl/8.6
java/1.8.0
joe/4.1
joe/4.6
julia/0.6.2
mathematica/10.4.1
matlab/R2015b
matlab/R2016b
matlab/R2018a
matlab/R2019a
nasm/2.13.03
ncarenv/1.2
ncftp/3.2.6
nco/4.7.4
ncview/2.1.7
octave/4.4.1
pandoc/2.2.3.2
panoply/4.9.4
parallel/20180422
paraview/4.1.0
paraview/5.5.2
peak_memusage/2.0.1
pyferret/7.4
pyferret/7.4.4
python/2.7.14
python/2.7.15
python/3.6.4
python/3.6.8
rstudio/1.1.453
slurm/17
texlive/2018
tmux/2.9
vapor/2.6.0
vis5d/1.3.0-beta
visit/2.13.1
visit/2.13.3
xxdiff/4.0.1
yasm/1.3.0
intel/18.0.5:
hdf5/1.10.5
impi/2018.4.274
mkl/2018.0.5
ncarcompilers/0.5.0
netcdf/4.6.3
intel/18.0.1:
hdf5/1.8.20
impi/2018.1.163
mkl/2018.0.1
ncarcompilers/0.4.1
netcdf/4.6.0
intel/17.0.1:
esmflibs/7.1.0r
fftw/3.3.7
fftw/3.3.8
gdal/2.2.4
gdal/2.4.1
gmt/5.5.4
grib-api/1.26.1
grib-api/1.28.0
grib-libs/1.2
hdf/4.2.13
hdf5/1.8.20
impi/2017.1.132
magma/2.4.0
mkl-dnn/0.15
mkl/2017.0.1
mvapich2/2.3
ncarcompilers/0.4.1
ncl/6.4.0
ncl/6.5.0
ncl/6.6.2
netcdf/4.6.0
netcdf/4.6.1
openmpi-x/3.1.0
openmpi/3.1.0
openmpi/3.1.2
openmpi/3.1.3
proj/5.0.1
impi/2017.1.132/intel/17.0.1:
netcdf-mpi/4.6.1
pnetcdf/1.9.0
openmpi/3.1.2/intel/17.0.1:
fftw-mpi/3.3.8
netcdf-mpi/4.6.1
pio/2.3.1
pnetcdf/1.9.0
openmpi/3.1.3/intel/17.0.1:
netcdf-mpi/4.6.1
openmpi-x/3.1.0/intel/17.0.1:
fftw3-mpi/3.3.6-pl2
netcdf-mpi/4.6.1
pio/2.3.1
pnetcdf/1.9.0
intel/19.0.2:
hdf5/1.10.5
mkl/2019.0.2
ncarcompilers/0.5.0
netcdf/4.6.3
gnu/7.3.0:
blas_lapack/3.8.0
esmflibs/7.1.0r
fftw/3.3.7
fftw/3.3.8
gdal/2.2.4
gdal/2.4.0
gdal/2.4.1
geos/3.6.2
grib-api/1.26.1
grib-api/1.28.0
grib-libs/1.2
gsl/2.4
hdf/4.2.13
hdf/4.2.14
hdf5/1.8.20
impi/2018.4.274
magma/2.5.0
ncarcompilers/0.4.1
ncl/6.4.0
ncl/6.5.0
ncl/6.6.2
netcdf/4.6.0
netcdf/4.6.1
openblas/0.2.20
openmpi-x/3.1.0
openmpi/3.1.0
openmpi/3.1.2
openmpi/3.1.3
openmpi/3.1.4
proj/5.0.1
proj/5.2.0
szip/2.1
udunits/2.2.26
zlib/1.2.10
openmpi/3.1.2/gnu/7.3.0:
fftw-mpi/3.3.8
netcdf-mpi/4.6.1
pio/2.3.1
pnetcdf/1.9.0
rmpi/0.6-9
openmpi-x/3.1.0/gnu/7.3.0:
fftw3-mpi/3.3.6-pl2
netcdf-mpi/4.6.1
pio/2.3.1
pnetcdf/1.9.0
gnu/6.4.0:
impi/2018.4.274
ncarcompilers/0.4.1
gnu/7.4.0:
magma/2.5.0
ncarcompilers/0.4.1
openmpi/3.1.2
openmpi/3.1.4
pgi/17.10:
ncarcompilers/0.4.1
netcdf/4.6.1
openmpi-x/3.1.0
openmpi/3.1.2
openmpi/3.1.2/pgi/17.10:
netcdf-mpi/4.6.1
pio/2.3.1
pnetcdf/1.9.0
openmpi-x/3.1.0/pgi/17.10:
fftw3-mpi/3.3.6-pl2
netcdf-mpi/4.6.1
pio/2.3.1
pnetcdf/1.9.0
pgi/18.10:
fftw/3.3.8
grib-api/1.28.0
ncarcompilers/0.4.1
netcdf/4.6.1
openmpi/3.1.2
openmpi/3.1.3
pgi/19.3:
ncarcompilers/0.4.1
openmpi/3.1.4
pgi/18.4:
ncarcompilers/0.4.1
openmpi/3.1.2
