compilers:
gnu/4.9.2
gnu/6.2.0
gnu/6.3.0
gnu/6.4.0
gnu/7.1.0
gnu/7.2.0
gnu/7.3.0
gnu/8.1.0
intel/16.0.1
intel/16.0.3
intel/17.0.1
intel/18.0.1
intel/18.0.5
intel/19.0.2
pgi/16.5
pgi/17.5
pgi/17.9
idep:
R/3.3.2
R/3.4.0
R/3.5.2
allinea-forge/7.0.4
allinea-forge/7.1
allinea-forge/18.0.2
allinea-reports/7.0.4
allinea-reports/7.1
allinea-reports/18.0.2
arm-forge/18.1.2
arm-forge/19.0.3
arm-reports/18.1.2
arm-reports/19.0.3
atlas/3.10.3
bbcp/1.0.0
boost/1.59.0
boost/1.65.1
cdo/1.7.2
cdo/1.9.3
cdo/1.9.4
cmake/3.7.2
cmake/3.9.1
cmake/3.12.1
diffuse/0.4.8
emacs/25.3
ferret/7.1
ffmpeg/3.3.4
ffmpeg/4.0.2
ftools/1.0
git/2.10.2
grace/5.1.25
grads/2.1.1.b0
grads/2.2.1
graphviz/2.40.1
grib-api/1.25.0
grib-bins/1.0
grib-bins/1.1
grib-libs/1.0
idl/8.6
java/1.8.0
joe/4.1
julia/0.6.2
julia/1.0.0
matlab/R2015b
matlab/R2016b
matlab/R2018a
matlab/R2019a
multijob/1.0
nano/2.7.4
ncarenv/1.0
ncarenv/1.1
ncarenv/1.2
nco/4.6.2
nco/4.6.9
nco/4.7.4
ncview/2.1.7
nedit/5.7
octave/4.2
parallel/20170522
peak_memusage/1.1
peak_memusage/2.0
perlmods/5.18.2
proj/4.9.3
python/2.7.13
python/2.7.14
python/2.7.15
python/3.6.2
python/3.6.4
python/3.6.8
slatec/4.1
slurm/17
spark/2.2.0
texlive/2017
tkdiff/4.2
tmux/2.7
udunits/2.2.20
vim/8.0
xerces-c/3.2.1
xxdiff/4.0.1
intel/18.0.5:
impi/2018.4.274
mkl/2018.0.5
mpt/2.18
mpt/2.19
ncarcompilers/0.4.1
netcdf/4.6.1
mpt/2.18/intel/18.0.5:
netcdf-mpi/4.6.1
pnetcdf/1.11.0
mpt/2.19/intel/18.0.5:
hdf5-mpi/1.8.21
netcdf-mpi/4.4.1.1
netcdf-mpi/4.6.1
pnetcdf/1.11.0
intel/16.0.3:
cxform/0.71
esmf_libs/7.0.0
fftw/3.3.6-pl2
gdal/2.1.3
gsl/2.4
hdf/4.2.12
hdf5/1.8.18
hdf5/1.10.1
impi/5.1.3.210
mkl/11.3.3
mpt/2.15f
mpt/2.15
mpt/2.16
mpt/2.18
mpt/2.19
ncarcompilers/0.3.5
ncarcompilers/0.4
ncarcompilers/0.4.1
ncl/6.3.0
ncl/6.4.0
netcdf/4.4.1
netcdf/4.4.1.1
netcdf/4.5.0
openmpi/1.8.8
openmpi/3.1.0
papi/5.5.1
vtune/1.0
impi/5.1.3.210/intel/16.0.3:
itac/2016
netcdf-mpi/4.4.1.1
pnetcdf/1.8.0
openmpi/1.8.8/intel/16.0.3:
rmpi/0.6-6
openmpi/3.1.0/intel/16.0.3:
rmpi/0.6-7
mpt/2.16/intel/16.0.3:
hdf5-mpi/1.8.21
netcdf-mpi/4.4.1.1
netcdf-mpi/4.6.1
pnetcdf/1.8.0
pnetcdf/1.11.0
mpt/2.15f/intel/16.0.3:
hdf5-mpi/1.8.21
netcdf-mpi/4.4.1.1
netcdf-mpi/4.6.1
pnetcdf/1.8.0
pnetcdf/1.11.0
mpt/2.19/intel/16.0.3:
hdf5-mpi/1.8.21
netcdf-mpi/4.4.1.1
netcdf-mpi/4.6.1
pnetcdf/1.8.0
pnetcdf/1.11.0
mpt/2.15/intel/16.0.3:
hdf5-mpi/1.8.21
netcdf-mpi/4.4.1.1
netcdf-mpi/4.6.1
pnetcdf/1.8.0
pnetcdf/1.11.0
intel/18.0.1:
hdf5/1.8.18
impi/2018.1.163
mkl/2018.0.1
mpt/2.19
mvapich2/2.2
ncarcompilers/0.3.5
ncarcompilers/0.4.1
netcdf/4.4.1.1
netcdf/4.5.0
netcdf/4.6.0
netcdf/4.6.1
openmpi/3.1.0
mpt/2.19/intel/18.0.1:
hdf5-mpi/1.8.21
netcdf-mpi/4.4.1.1
netcdf-mpi/4.6.1
pnetcdf/1.11.0
intel/17.0.1:
eccodes/2.12.0
esmf_libs/7.0.0
esmf_libs/7.1.0r
fftw/3.3.6-pl2
fftw/3.3.7
grib-libs/1.1
hdf-eos/2.20
hdf/4.2.12
hdf5/1.8.18
impi/2017.1.132
mkl/2017.0.1
mpt/2.15f
mpt/2.15
mpt/2.16
mpt/2.18
mpt/2.19
mvapich2/2.2
ncarcompilers/0.3.5
ncarcompilers/0.4
ncarcompilers/0.4.1
ncl/6.4.0
ncl/6.5.0
ncl/6.6.2
netcdf/4.4.1.1
netcdf/4.5.0
netcdf/4.6.0
netcdf/4.6.1
openmpi/3.0.0
openmpi/3.0.1
vtune/1.0
impi/2017.1.132/intel/17.0.1:
itac/2017.1.024
netcdf-mpi/4.4.1.1
papi/5.6.0
pnetcdf/1.10.0
vasp/5.3
openmpi/3.0.0/intel/17.0.1:
netcdf-mpi/4.4.1.1
pio/2.2.0
pnetcdf/1.8.0
pnetcdf/1.8.1
mpt/2.18/intel/17.0.1:
netcdf-mpi/4.6.1
pio/2.3.1
pnetcdf/1.9.0
mpt/2.16/intel/17.0.1:
fftw-mpi/3.3.8
hdf5-mpi/1.8.21
netcdf-mpi/4.4.1.1
netcdf-mpi/4.5.0
netcdf-mpi/4.6.1
pio/1.10.1
pio/2.4.1
pnetcdf/1.8.0
pnetcdf/1.9.0
pnetcdf/1.11.0
mpt/2.15f/intel/17.0.1:
fftw-mpi/3.3.8
hdf5-mpi/1.8.21
netcdf-mpi/4.4.1.1
netcdf-mpi/4.5.0
netcdf-mpi/4.6.1
pio/1.10.1
pio/2.4.1
pnetcdf/1.8.0
pnetcdf/1.9.0
pnetcdf/1.11.0
mpt/2.19/intel/17.0.1:
fftw-mpi/3.3.8
hdf5-mpi/1.8.21
netcdf-mpi/4.4.1.1
netcdf-mpi/4.5.0
netcdf-mpi/4.6.1
pio/1.10.1
pio/2.4.1
pnetcdf/1.8.0
pnetcdf/1.9.0
pnetcdf/1.11.0
mpt/2.15/intel/17.0.1:
fftw-mpi/3.3.8
hdf5-mpi/1.8.21
netcdf-mpi/4.4.1.1
netcdf-mpi/4.5.0
netcdf-mpi/4.6.1
pio/1.10.1
pio/2.4.1
pnetcdf/1.8.0
pnetcdf/1.9.0
pnetcdf/1.11.0
intel/16.0.1:
hdf/4.2.12
impi/5.1.2.150
mkl/11.3.1
mpt/2.15f
mpt/2.15
mpt/2.16
mpt/2.18
mpt/2.19
ncarcompilers/0.3.5
ncarcompilers/0.4
ncarcompilers/0.4.1
netcdf/4.4.1
netcdf/4.4.1.1
netcdf/4.5.0
mpt/2.16/intel/16.0.1:
hdf5-mpi/1.8.21
netcdf-mpi/4.4.1.1
netcdf-mpi/4.6.1
pnetcdf/1.8.0
pnetcdf/1.11.0
mpt/2.15f/intel/16.0.1:
hdf5-mpi/1.8.21
netcdf-mpi/4.4.1.1
netcdf-mpi/4.6.1
pnetcdf/1.8.0
pnetcdf/1.11.0
mpt/2.19/intel/16.0.1:
hdf5-mpi/1.8.21
netcdf-mpi/4.4.1.1
netcdf-mpi/4.6.1
pnetcdf/1.8.0
pnetcdf/1.11.0
mpt/2.15/intel/16.0.1:
hdf5-mpi/1.8.21
netcdf-mpi/4.4.1.1
netcdf-mpi/4.6.1
pnetcdf/1.8.0
pnetcdf/1.11.0
intel/19.0.2:
esmf_libs/7.0.0
impi/2019.2.187
mkl/2019.0.2
mpt/2.18
mpt/2.19
ncarcompilers/0.4.1
netcdf/4.6.1
impi/2019.2.187/intel/19.0.2:
netcdf-mpi/4.6.1
pnetcdf/1.11.0
mpt/2.18/intel/19.0.2:
netcdf-mpi/4.6.1
pnetcdf/1.11.0
mpt/2.19/intel/19.0.2:
hdf5-mpi/1.8.21
netcdf-mpi/4.4.1.1
netcdf-mpi/4.6.1
pio/1.10.1
pio/2.4.1
pnetcdf/1.11.0
gnu/6.3.0:
cxform/0.71
esmf_libs/7.0.0
fftw/3.3.7
fftw3/3.3.6-pl2
gdal/2.1.3
gsl/2.4
hdf5/1.8.18
hdf5/1.10.1
impi/2018.4.274
lapack/3.7.0
mpich/3.2
mpt/2.16
mpt/2.18
mpt/2.19
mvapich2/2.2
ncarcompilers/0.3.5
ncarcompilers/0.4
ncarcompilers/0.4.1
ncl/6.4.0
ncl/6.5.0
ncl/6.6.2
netcdf/4.4.1.1
netcdf/4.5.0
netcdf/4.6.0
netcdf/4.6.1
openblas/0.2.14
openmpi/2.0.3
openmpi/3.0.0
openmpi/3.0.1
vtk/7.0.0
openmpi/3.0.0/gnu/6.3.0:
opencoarrays/1.9.1
mpt/2.18/gnu/6.3.0:
netcdf-mpi/4.6.1
pio/2.3.1
pnetcdf/1.10
mpt/2.19/gnu/6.3.0:
fftw-mpi/3.3.8
hdf5-mpi/1.8.21
netcdf-mpi/4.6.1
pnetcdf/1.11.0
gnu/7.3.0:
fftw/3.3.8
fftw3/3.3.6-pl2
gdal/2.4.0
hdf/4.2.14
lapack/3.7.0
mpt/2.18
mpt/2.19
mvapich2/2.2
ncarcompilers/0.3.5
ncarcompilers/0.4
ncarcompilers/0.4.1
ncl/6.5.0
ncl/6.6.2
netcdf/4.6.1
openblas/0.2.20
openmpi/3.0.0
openmpi/3.0.1
openmpi/3.1.3
proj/5.2.0
openmpi/3.0.0/gnu/7.3.0:
opencoarrays/1.9.1
pnetcdf/1.9.0
openmpi/3.0.1/gnu/7.3.0:
opencoarrays/1.9.1
openmpi/3.1.3/gnu/7.3.0:
rmpi/0.6-9
mpt/2.19/gnu/7.3.0:
fftw-mpi/3.3.8
hdf5-mpi/1.8.21
netcdf-mpi/4.6.1
opencoarrays/2.6.3
pnetcdf/1.11.0
gnu/6.2.0:
hdf/4.2.12
mpt/2.18
ncarcompilers/0.3.5
ncarcompilers/0.4
ncarcompilers/0.4.1
ncl/6.4.0
ncl/6.6.2
netcdf/4.4.1.1
gnu/4.9.2:
mpt/2.18
ncarcompilers/0.4.1
netcdf/4.5.0
gnu/6.4.0:
mpt/2.18
ncarcompilers/0.3.5
ncarcompilers/0.4
ncarcompilers/0.4.1
netcdf/4.4.1.1
gnu/7.1.0:
fftw3/3.3.6-pl2
gdal/2.1.3
hdf5/1.8.18
hdf5/1.10.1
lapack/3.7.0
mpich/3.2
mpt/2.18
mpt/2.19
mvapich2/2.2
ncarcompilers/0.3.5
ncarcompilers/0.4
ncarcompilers/0.4.1
netcdf/4.4.1.1
netcdf/4.5.0
netcdf/4.6.0
netcdf/4.6.1
openblas/0.2.20
openmpi/3.0.0
openmpi/3.0.1
openmpi/3.0.0/gnu/7.1.0:
opencoarrays/1.9.1
pnetcdf/1.9.0
mpt/2.19/gnu/7.1.0:
fftw-mpi/3.3.8
hdf5-mpi/1.8.21
netcdf-mpi/4.6.1
opencoarrays/2.6.3
pnetcdf/1.11.0
gnu/8.1.0:
fftw3/3.3.6-pl2
lapack/3.7.0
mpt/2.18
mpt/2.19
mvapich2/2.2
ncarcompilers/0.3.5
ncarcompilers/0.4
ncarcompilers/0.4.1
netcdf/4.6.1
openmpi/3.1.0
openmpi/3.1.0/gnu/8.1.0:
pio/2.4.1
pnetcdf/1.10.0
pnetcdf/1.11.0
mpt/2.18/gnu/8.1.0:
netcdf-mpi/4.6.1
pnetcdf/1.11.0
mpt/2.19/gnu/8.1.0:
hdf5-mpi/1.8.21
netcdf-mpi/4.6.1
pnetcdf/1.11.0
gnu/7.2.0:
fftw3/3.3.6-pl2
hdf5/1.8.18
hdf5/1.10.1
lapack/3.7.0
mpich/3.2
mpt/2.18
mpt/2.19
ncarcompilers/0.3.5
ncarcompilers/0.4
ncarcompilers/0.4.1
netcdf/4.4.1.1
netcdf/4.5.0
netcdf/4.6.0
openblas/0.2.20
openmpi/3.0.0
openmpi/3.0.1
openmpi/3.0.0/gnu/7.2.0:
opencoarrays/1.9.1
pnetcdf/1.9.0
mpt/2.19/gnu/7.2.0:
fftw-mpi/3.3.8
hdf5-mpi/1.8.21
netcdf-mpi/4.6.1
opencoarrays/2.6.3
pnetcdf/1.11.0
pgi/16.5:
mpich/3.2.1
mpt/2.18
ncarcompilers/0.3.5
ncarcompilers/0.4
ncarcompilers/0.4.1
netcdf/4.5.0
mpich/3.2.1/pgi/16.5:
netcdf-mpi/4.5.0
pgi/17.9:
mpt/2.18
mpt/2.19
ncarcompilers/0.3.5
ncarcompilers/0.4
ncarcompilers/0.4.1
netcdf/4.4.1.1
openmpi/2.1.2
openmpi/2.1.2/pgi/17.9:
netcdf-mpi/4.5.0
mpt/2.18/pgi/17.9:
netcdf-mpi/4.6.1
pnetcdf/1.11.0
mpt/2.19/pgi/17.9:
hdf5-mpi/1.8.21
netcdf-mpi/4.6.1
pnetcdf/1.11.0
pgi/17.5:
hdf5/1.8.18
mpt/2.18
ncarcompilers/0.3.5
ncarcompilers/0.4
ncarcompilers/0.4.1
netcdf/4.4.1.1
