compilers:
gnu/7.4.0
gnu/8.3.0
gnu/9.1.0
intel/17.0.1
intel/18.0.5
intel/19.0.2
pgi/19.3
idep:
arm-forge/19.1
arm-reports/19.1
bbcp/17.12
cdo/1.9.7.1
cmake/3.14.4
cylc/7.8.3
diffuse/0.4.8
emacs/26.2
ffmpeg/4.1.3
git/2.9.5
grads/2.2.1
graphviz/2.40.1
grib-bins/1.3
idl/8.7.2
matlab/R2019a
nano/4.3
ncarenv/1.3
nco/4.7.9
ncview/2.1.7
node/10.16.0
openjdk/12.0.1
parallel/20190622
peak_memusage/2.0.1
pyferret/7.5.0
python/2.7.16
python/3.6.8
R/3.6.0
tmux/2.9a
vim/8.1
xxdiff/4.0.1
intel/18.0.5:
eccodes/2.12.5
esmf_libs/7.1.0r
fftw/3.3.8
gdal/2.4.1
geos/3.7.1
grib-api/1.28.0
grib-libs/1.2
hdf/4.2.14
hdf5/1.10.5
impi/2018.4.274
mkl/2018.0.5
mpt/2.19
ncarcompilers/0.5.0
ncl/6.6.2
netcdf/4.6.3
openmpi/3.1.4
proj/5.2.0
udunits/2.2.26
impi/2018.4.274/intel/18.0.5:
fftw-mpi/3.3.8
hdf5-mpi/1.10.5
netcdf-mpi/4.6.3
pio/1.10.1
pio/2.4.3
pnetcdf/1.11.1
openmpi/3.1.4/intel/18.0.5:
fftw-mpi/3.3.8
hdf5-mpi/1.10.5
netcdf-mpi/4.6.3
pio/1.10.1
pio/2.4.3
pnetcdf/1.11.1
mpt/2.19/intel/18.0.5:
fftw-mpi/3.3.8
hdf5-mpi/1.10.5
netcdf-mpi/4.6.3
pio/1.10.1
pio/2.4.3
pnetcdf/1.11.1
intel/17.0.1:
eccodes/2.12.5
fftw/3.3.8
gdal/2.4.1
geos/3.7.1
grib-api/1.28.0
grib-libs/1.2
hdf/4.2.14
hdf5/1.10.5
impi/2017.1.132
mkl/2017.0.1
mpt/2.19
ncarcompilers/0.5.0
netcdf/4.6.3
openmpi/3.1.4
proj/5.2.0
udunits/2.2.26
impi/2017.1.132/intel/17.0.1:
fftw-mpi/3.3.8
hdf5-mpi/1.10.5
netcdf-mpi/4.6.3
pio/1.10.1
pio/2.4.3
pnetcdf/1.11.1
openmpi/3.1.4/intel/17.0.1:
fftw-mpi/3.3.8
hdf5-mpi/1.10.5
netcdf-mpi/4.6.3
pio/1.10.1
pio/2.4.3
pnetcdf/1.11.1
mpt/2.19/intel/17.0.1:
fftw-mpi/3.3.8
hdf5-mpi/1.10.5
netcdf-mpi/4.6.3
pio/1.10.1
pio/2.4.3
pnetcdf/1.11.1
intel/19.0.2:
eccodes/2.12.5
esmf_libs/7.1.0r
fftw/3.3.8
gdal/2.4.1
geos/3.7.1
grib-api/1.28.0
grib-libs/1.2
hdf/4.2.14
hdf5/1.10.5
impi/2019.2.187
mkl/2019.0.2
mpt/2.19
ncarcompilers/0.5.0
netcdf/4.6.3
openmpi/3.1.4
proj/5.2.0
udunits/2.2.26
impi/2019.2.187/intel/19.0.2:
fftw-mpi/3.3.8
hdf5-mpi/1.10.5
netcdf-mpi/4.6.3
pio/1.10.1
pio/2.4.3
pnetcdf/1.11.1
openmpi/3.1.4/intel/19.0.2:
fftw-mpi/3.3.8
hdf5-mpi/1.10.5
netcdf-mpi/4.6.3
pio/1.10.1
pio/2.4.3
pnetcdf/1.11.1
mpt/2.19/intel/19.0.2:
fftw-mpi/3.3.8
hdf5-mpi/1.10.5
netcdf-mpi/4.6.3
pio/1.10.1
pio/2.4.3
pnetcdf/1.11.1
gnu/9.1.0:
eccodes/2.12.5
fftw/3.3.8
gdal/2.4.1
geos/3.7.1
grib-api/1.28.0
hdf/4.2.14
hdf5/1.10.5
mpt/2.19
ncarcompilers/0.5.0
netcdf/4.6.3
openblas/0.3.6
openmpi/3.1.4
proj/5.2.0
udunits/2.2.26
openmpi/3.1.4/gnu/9.1.0:
fftw-mpi/3.3.8
hdf5-mpi/1.10.5
netcdf-mpi/4.6.3
pio/1.10.1
pio/2.4.3
pnetcdf/1.11.1
mpt/2.19/gnu/9.1.0:
fftw-mpi/3.3.8
hdf5-mpi/1.10.5
netcdf-mpi/4.6.3
pio/1.10.1
pio/2.4.3
pnetcdf/1.11.1
gnu/7.4.0:
eccodes/2.12.5
fftw/3.3.8
gdal/2.4.1
geos/3.7.1
grib-api/1.28.0
grib-libs/1.2
hdf/4.2.14
hdf5/1.10.5
mpt/2.19
ncarcompilers/0.5.0
netcdf/4.6.3
openblas/0.3.6
openmpi/3.1.4
proj/5.2.0
udunits/2.2.26
openmpi/3.1.4/gnu/7.4.0:
fftw-mpi/3.3.8
hdf5-mpi/1.10.5
netcdf-mpi/4.6.3
pio/1.10.1
pio/2.4.3
pnetcdf/1.11.1
mpt/2.19/gnu/7.4.0:
fftw-mpi/3.3.8
hdf5-mpi/1.10.5
netcdf-mpi/4.6.3
pio/1.10.1
pio/2.4.3
pnetcdf/1.11.1
gnu/8.3.0:
eccodes/2.12.5
esmf_libs/7.1.0r
fftw/3.3.8
gdal/2.4.1
geos/3.7.1
grib-api/1.28.0
grib-libs/1.2
hdf/4.2.14
hdf5/1.10.5
mpt/2.19
ncarcompilers/0.5.0
ncl/6.6.2
netcdf/4.6.3
openblas/0.3.6
openmpi/3.1.4
proj/5.2.0
udunits/2.2.26
openmpi/3.1.4/gnu/8.3.0:
fftw-mpi/3.3.8
hdf5-mpi/1.10.5
netcdf-mpi/4.6.3
pio/1.10.1
pio/2.4.3
pnetcdf/1.11.1
mpt/2.19/gnu/8.3.0:
fftw-mpi/3.3.8
hdf5-mpi/1.10.5
netcdf-mpi/4.6.3
pio/1.10.1
pio/2.4.3
pnetcdf/1.11.1
pgi/19.3:
eccodes/2.12.5
fftw/3.3.8
geos/3.7.1
grib-api/1.28.0
grib-libs/1.2
hdf/4.2.14
hdf5/1.10.5
mpt/2.19
ncarcompilers/0.5.0
netcdf/4.6.3
openmpi/3.1.4
udunits/2.2.26
openmpi/3.1.4/pgi/19.3:
fftw-mpi/3.3.8
hdf5-mpi/1.10.5
netcdf-mpi/4.6.3
pio/1.10.1
pio/2.4.3
pnetcdf/1.11.1
mpt/2.19/pgi/19.3:
fftw-mpi/3.3.8
hdf5-mpi/1.10.5
netcdf-mpi/4.6.3
pio/1.10.1
pio/2.4.3
pnetcdf/1.11.1
